2025-01-10T14:14:24.551+0100 INFO               [main]                         be.pxl.services.ReviewTest    - Starting ReviewTest using Java 17.0.11 with PID 27844 (started by kumbr in C:\Users\kumbr\Documents\3TIN\Fullstack Java\Project\project-LeviKumbruckPXL\backend-java\NewsBlog\review-service)
2025-01-10T14:14:24.554+0100 DEBUG              [main]                         be.pxl.services.ReviewTest    - Running with Spring Boot v3.3.5, Spring v6.1.14
2025-01-10T14:14:24.555+0100 INFO               [main]                         be.pxl.services.ReviewTest    - No active profile set, falling back to 1 default profile: "default"
2025-01-10T14:14:30.583+0100 INFO               [main]                         be.pxl.services.ReviewTest    - Started ReviewTest in 7.085 seconds (process running for 17.53)
2025-01-10T14:14:30.903+0100 INFO               [main]                         be.pxl.services.api.controller.ReviewController - Received request to view submitted posts
2025-01-10T14:14:30.903+0100 INFO               [main]                         be.pxl.services.services.ReviewService - Getting all submitted posts
2025-01-10T14:14:30.965+0100 INFO               [main]                         be.pxl.services.api.controller.ReviewController - Received request to view submitted posts
2025-01-10T14:14:30.965+0100 INFO               [main]                         be.pxl.services.services.ReviewService - Getting all submitted posts
2025-01-10T14:14:30.977+0100 INFO               [main]                         be.pxl.services.api.controller.ReviewController - Received request to view submitted posts
2025-01-10T14:14:30.977+0100 WARN               [main]                         be.pxl.services.api.controller.ReviewController - Forbidden: User with role viewer attempted to view submitted posts
2025-01-10T14:14:30.991+0100 INFO               [main]                         be.pxl.services.api.controller.ReviewController - Received request to approve post with id 1
2025-01-10T14:14:30.991+0100 WARN               [main]                         be.pxl.services.api.controller.ReviewController - Forbidden: User with role viewer attempted to approve post with id 1
2025-01-10T14:14:31.030+0100 INFO               [main]                         be.pxl.services.api.controller.ReviewController - Received request to approve post with id 1
2025-01-10T14:14:31.030+0100 INFO               [main]                         be.pxl.services.services.ReviewService - Approving post with id 1
2025-01-10T14:14:31.104+0100 INFO               [main]                         be.pxl.services.api.controller.ReviewController - Received request to reject post with id 1
2025-01-10T14:14:31.104+0100 WARN               [main]                         be.pxl.services.api.controller.ReviewController - Forbidden: User with role viewer attempted to reject post with id 1
2025-01-10T14:14:31.116+0100 INFO               [main]                         be.pxl.services.api.controller.ReviewController - Received request to view submitted posts
2025-01-10T14:14:31.116+0100 WARN               [main]                         be.pxl.services.api.controller.ReviewController - Forbidden: User with role viewer attempted to view submitted posts
2025-01-10T14:14:31.128+0100 INFO               [main]                         be.pxl.services.api.controller.ReviewController - Received request to approve post with id 1
2025-01-10T14:14:31.128+0100 WARN               [main]                         be.pxl.services.api.controller.ReviewController - Forbidden: User with role viewer attempted to approve post with id 1
2025-01-10T14:14:31.138+0100 INFO               [main]                         be.pxl.services.api.controller.ReviewController - Received request to reject post with id 1
2025-01-10T14:14:31.138+0100 WARN               [main]                         be.pxl.services.api.controller.ReviewController - Forbidden: User with role viewer attempted to reject post with id 1
2025-01-10T14:14:31.585+0100 INFO               [main]                         be.pxl.services.services.ReviewService - Rejecting post with id 2
2025-01-10T14:14:31.592+0100 INFO               [main]                         be.pxl.services.services.ReviewService - Getting all submitted posts
2025-01-10T14:14:31.594+0100 INFO               [main]                         be.pxl.services.services.ReviewService - Processing review request: null
2025-01-10T14:14:31.596+0100 INFO               [main]                         be.pxl.services.services.ReviewService - Approving post with id 1
2025-01-10T14:14:31.597+0100 INFO               [main]                         be.pxl.services.services.ReviewService - Getting all submitted posts
2025-01-10T14:14:31.599+0100 INFO               [main]                         be.pxl.services.services.ReviewService - Rejecting post with id 99
2025-01-10T14:14:31.601+0100 INFO               [main]                         be.pxl.services.services.ReviewService - Processing review request: ReviewRequest[postId=3, postTitle=New Post, postContent=New Content]
2025-01-10T14:14:31.603+0100 INFO               [main]                         be.pxl.services.services.ReviewService - Approving post with id 99
