2024-12-26T18:29:36.806+0100 INFO               [main]                         be.pxl.services.CommentTest   - Starting CommentTest using Java 17.0.11 with PID 5600 (started by kumbr in C:\Users\kumbr\Documents\3TIN\Fullstack Java\Project\project-LeviKumbruckPXL\backend-java\NewsBlog\comment-service)
2024-12-26T18:29:36.809+0100 DEBUG              [main]                         be.pxl.services.CommentTest   - Running with Spring Boot v3.3.5, Spring v6.1.14
2024-12-26T18:29:36.809+0100 INFO               [main]                         be.pxl.services.CommentTest   - No active profile set, falling back to 1 default profile: "default"
2024-12-26T18:29:41.619+0100 INFO               [main]                         be.pxl.services.CommentTest   - Started CommentTest in 5.514 seconds (process running for 6.208)
2024-12-26T18:29:41.720+0100 INFO               [main]                         be.pxl.services.api.controller.CommentController - Received request to edit comment with id 1
2024-12-26T18:29:41.721+0100 INFO               [main]                         be.pxl.services.services.CommentService - Editing comment with id 1
2024-12-26T18:29:41.750+0100 INFO               [main]                         be.pxl.services.api.controller.CommentController - Received request to delete comment with id 1
2024-12-26T18:29:41.751+0100 WARN               [main]                         be.pxl.services.api.controller.CommentController - Forbidden: User with role viewer attempted to delete comment with id 1
2024-12-26T18:29:41.764+0100 INFO               [main]                         be.pxl.services.api.controller.CommentController - Received request to delete comment with id 1
2024-12-26T18:29:41.764+0100 INFO               [main]                         be.pxl.services.services.CommentService - Deleting comment with id 1
2024-12-26T18:29:41.772+0100 INFO               [main]                         be.pxl.services.api.controller.CommentController - Received request to edit comment with id 1
2024-12-26T18:29:41.772+0100 WARN               [main]                         be.pxl.services.api.controller.CommentController - Forbidden: User with role viewer attempted to edit comment with id 1
2024-12-26T18:29:41.778+0100 INFO               [main]                         be.pxl.services.api.controller.CommentController - Received request to get comments of post with id 1
2024-12-26T18:29:41.778+0100 INFO               [main]                         be.pxl.services.services.CommentService - Getting comments of post with id 1
2024-12-26T18:29:41.786+0100 INFO               [main]                         be.pxl.services.api.controller.CommentController - Received request to add comment to post with id 1
2024-12-26T18:29:41.786+0100 WARN               [main]                         be.pxl.services.api.controller.CommentController - Forbidden: User with role viewer attempted to add a comment
2024-12-26T18:29:41.791+0100 INFO               [main]                         be.pxl.services.api.controller.CommentController - Received request to add comment to post with id 1
2024-12-26T18:29:41.791+0100 INFO               [main]                         be.pxl.services.services.CommentService - Adding comment to post with id 1
2024-12-26T18:35:46.734+0100 INFO               [main]                         be.pxl.services.CommentTest   - Starting CommentTest using Java 17.0.11 with PID 26576 (started by kumbr in C:\Users\kumbr\Documents\3TIN\Fullstack Java\Project\project-LeviKumbruckPXL\backend-java\NewsBlog\comment-service)
2024-12-26T18:35:46.734+0100 DEBUG              [main]                         be.pxl.services.CommentTest   - Running with Spring Boot v3.3.5, Spring v6.1.14
2024-12-26T18:35:46.735+0100 INFO               [main]                         be.pxl.services.CommentTest   - No active profile set, falling back to 1 default profile: "default"
2024-12-26T18:35:49.968+0100 INFO               [main]                         be.pxl.services.CommentTest   - Started CommentTest in 3.774 seconds (process running for 12.968)
2024-12-26T18:35:50.360+0100 INFO               [main]                         be.pxl.services.api.controller.CommentController - Received request to edit comment with id 1
2024-12-26T18:35:50.361+0100 INFO               [main]                         be.pxl.services.services.CommentService - Editing comment with id 1
2024-12-26T18:35:50.414+0100 INFO               [main]                         be.pxl.services.api.controller.CommentController - Received request to delete comment with id 2
2024-12-26T18:35:50.415+0100 WARN               [main]                         be.pxl.services.api.controller.CommentController - Forbidden: User with role viewer attempted to delete comment with id 2
2024-12-26T18:35:50.432+0100 INFO               [main]                         be.pxl.services.api.controller.CommentController - Received request to delete comment with id 3
2024-12-26T18:35:50.432+0100 INFO               [main]                         be.pxl.services.services.CommentService - Deleting comment with id 3
2024-12-26T18:35:50.457+0100 INFO               [main]                         be.pxl.services.api.controller.CommentController - Received request to edit comment with id 4
2024-12-26T18:35:50.457+0100 WARN               [main]                         be.pxl.services.api.controller.CommentController - Forbidden: User with role viewer attempted to edit comment with id 4
2024-12-26T18:35:50.472+0100 INFO               [main]                         be.pxl.services.api.controller.CommentController - Received request to get comments of post with id 1
2024-12-26T18:35:50.472+0100 INFO               [main]                         be.pxl.services.services.CommentService - Getting comments of post with id 1
2024-12-26T18:35:50.518+0100 INFO               [main]                         be.pxl.services.api.controller.CommentController - Received request to add comment to post with id 1
2024-12-26T18:35:50.518+0100 WARN               [main]                         be.pxl.services.api.controller.CommentController - Forbidden: User with role viewer attempted to add a comment
2024-12-26T18:35:50.527+0100 INFO               [main]                         be.pxl.services.api.controller.CommentController - Received request to add comment to post with id 1
2024-12-26T18:35:50.527+0100 INFO               [main]                         be.pxl.services.services.CommentService - Adding comment to post with id 1
2024-12-26T19:06:49.707+0100 INFO               [main]                         be.pxl.services.CommentTest   - Starting CommentTest using Java 17.0.11 with PID 8964 (started by kumbr in C:\Users\kumbr\Documents\3TIN\Fullstack Java\Project\project-LeviKumbruckPXL\backend-java\NewsBlog\comment-service)
2024-12-26T19:06:49.708+0100 DEBUG              [main]                         be.pxl.services.CommentTest   - Running with Spring Boot v3.3.5, Spring v6.1.14
2024-12-26T19:06:49.708+0100 INFO               [main]                         be.pxl.services.CommentTest   - No active profile set, falling back to 1 default profile: "default"
2024-12-26T19:06:53.050+0100 INFO               [main]                         be.pxl.services.CommentTest   - Started CommentTest in 4.194 seconds (process running for 14.578)
2024-12-26T19:06:53.275+0100 INFO               [main]                         be.pxl.services.api.controller.CommentController - Received request to edit comment with id 1
2024-12-26T19:06:53.275+0100 INFO               [main]                         be.pxl.services.services.CommentService - Editing comment with id 1
2024-12-26T19:06:53.336+0100 INFO               [main]                         be.pxl.services.api.controller.CommentController - Received request to delete comment with id 2
2024-12-26T19:06:53.336+0100 WARN               [main]                         be.pxl.services.api.controller.CommentController - Forbidden: User with role viewer attempted to delete comment with id 2
2024-12-26T19:06:53.353+0100 INFO               [main]                         be.pxl.services.api.controller.CommentController - Received request to delete comment with id 3
2024-12-26T19:06:53.354+0100 INFO               [main]                         be.pxl.services.services.CommentService - Deleting comment with id 3
2024-12-26T19:06:53.376+0100 INFO               [main]                         be.pxl.services.api.controller.CommentController - Received request to edit comment with id 4
2024-12-26T19:06:53.377+0100 WARN               [main]                         be.pxl.services.api.controller.CommentController - Forbidden: User with role viewer attempted to edit comment with id 4
2024-12-26T19:06:53.395+0100 INFO               [main]                         be.pxl.services.api.controller.CommentController - Received request to get comments of post with id 1
2024-12-26T19:06:53.395+0100 INFO               [main]                         be.pxl.services.services.CommentService - Getting comments of post with id 1
2024-12-26T19:06:53.447+0100 INFO               [main]                         be.pxl.services.api.controller.CommentController - Received request to add comment to post with id 1
2024-12-26T19:06:53.448+0100 WARN               [main]                         be.pxl.services.api.controller.CommentController - Forbidden: User with role viewer attempted to add a comment
2024-12-26T19:06:53.456+0100 INFO               [main]                         be.pxl.services.api.controller.CommentController - Received request to add comment to post with id 1
2024-12-26T19:06:53.456+0100 INFO               [main]                         be.pxl.services.services.CommentService - Adding comment to post with id 1
