2024-12-12T21:32:35.647+0100 INFO               [main]                         be.pxl.services.PostServiceApplication - No active profile set, falling back to 1 default profile: "default"
2024-12-12T21:34:03.114+0100 INFO               [main]                         be.pxl.services.PostServiceApplication - No active profile set, falling back to 1 default profile: "default"
2024-12-12T21:34:05.826+0100 INFO               [main]                         be.pxl.services.PostServiceApplication - Started PostServiceApplication in 3.388 seconds (process running for 3.705)
2024-12-12T21:34:10.658+0100 INFO               [main]                         be.pxl.services.CommentServiceApplication - Starting CommentServiceApplication using Java 17.0.11 with PID 19468 (C:\Users\kumbr\Documents\3TIN\Fullstack Java\Project\project-LeviKumbruckPXL\backend-java\NewsBlog\comment-service\target\classes started by kumbr in C:\Users\kumbr\Documents\3TIN\Fullstack Java\Project\project-LeviKumbruckPXL\backend-java\NewsBlog)
2024-12-12T21:34:10.658+0100 DEBUG              [main]                         be.pxl.services.CommentServiceApplication - Running with Spring Boot v3.3.5, Spring v6.1.14
2024-12-12T21:34:10.659+0100 INFO               [main]                         be.pxl.services.CommentServiceApplication - No active profile set, falling back to 1 default profile: "default"
2024-12-12T21:34:12.857+0100 INFO               [main]                         be.pxl.services.CommentServiceApplication - Started CommentServiceApplication in 2.732 seconds (process running for 3.057)
2024-12-12T21:34:17.383+0100 INFO               [main]                         be.pxl.services.ReviewServiceApplication - Starting ReviewServiceApplication using Java 17.0.11 with PID 14812 (C:\Users\kumbr\Documents\3TIN\Fullstack Java\Project\project-LeviKumbruckPXL\backend-java\NewsBlog\review-service\target\classes started by kumbr in C:\Users\kumbr\Documents\3TIN\Fullstack Java\Project\project-LeviKumbruckPXL\backend-java\NewsBlog)
2024-12-12T21:34:17.383+0100 DEBUG              [main]                         be.pxl.services.ReviewServiceApplication - Running with Spring Boot v3.3.5, Spring v6.1.14
2024-12-12T21:34:17.384+0100 INFO               [main]                         be.pxl.services.ReviewServiceApplication - No active profile set, falling back to 1 default profile: "default"
2024-12-12T21:34:20.584+0100 INFO               [main]                         be.pxl.services.ReviewServiceApplication - Started ReviewServiceApplication in 3.767 seconds (process running for 4.093)
2024-12-12T21:35:01.003+0100 INFO               [http-nio-8081-exec-1]         be.pxl.services.api.controller.PostController - Received request to get posts that need changing by redactor: Johny
2024-12-12T21:35:01.003+0100 INFO               [http-nio-8081-exec-2]         be.pxl.services.api.controller.PostController - Received request to get drafts by redactor: Johny
2024-12-12T21:35:01.003+0100 INFO               [http-nio-8081-exec-1]         be.pxl.services.services.PostService - Getting posts that need changing by redactor: Johny
2024-12-12T21:35:01.003+0100 INFO               [http-nio-8081-exec-2]         be.pxl.services.services.PostService - Getting drafts by redactor: Johny
2024-12-12T21:35:11.996+0100 INFO               [http-nio-8081-exec-3]         be.pxl.services.api.controller.PostController - Received request to get all posts
2024-12-12T21:35:11.996+0100 INFO               [http-nio-8081-exec-3]         be.pxl.services.services.PostService - Getting all posts
2024-12-12T21:46:48.573+0100 INFO               [http-nio-8081-exec-6]         be.pxl.services.api.controller.NotificationController - Received request to get notifications of redactor: Johny
2024-12-12T21:46:48.573+0100 INFO               [http-nio-8081-exec-6]         be.pxl.services.services.NotificationService - getting notifications by redactor in the service class
2024-12-12T21:46:48.588+0100 INFO               [http-nio-8081-exec-7]         be.pxl.services.api.controller.PostController - Received request to get all posts
2024-12-12T21:46:48.588+0100 INFO               [http-nio-8081-exec-7]         be.pxl.services.services.PostService - Getting all posts
2024-12-12T21:48:41.599+0100 INFO               [http-nio-8081-exec-9]         be.pxl.services.api.controller.NotificationController - Received request to get notifications of redactor: Johny
2024-12-12T21:48:41.599+0100 INFO               [http-nio-8081-exec-9]         be.pxl.services.services.NotificationService - getting notifications by redactor in the service class
2024-12-12T21:48:41.617+0100 INFO               [http-nio-8081-exec-10]        be.pxl.services.api.controller.PostController - Received request to get all posts
2024-12-12T21:48:41.618+0100 INFO               [http-nio-8081-exec-10]        be.pxl.services.services.PostService - Getting all posts
2024-12-12T21:49:21.590+0100 INFO               [http-nio-8081-exec-2]         be.pxl.services.api.controller.NotificationController - Received request to get notifications of redactor: Johny
2024-12-12T21:49:21.590+0100 INFO               [http-nio-8081-exec-2]         be.pxl.services.services.NotificationService - getting notifications by redactor in the service class
2024-12-12T21:49:21.610+0100 INFO               [http-nio-8081-exec-1]         be.pxl.services.api.controller.PostController - Received request to get all posts
2024-12-12T21:49:21.610+0100 INFO               [http-nio-8081-exec-1]         be.pxl.services.services.PostService - Getting all posts
2024-12-12T21:49:24.537+0100 INFO               [http-nio-8081-exec-3]         be.pxl.services.api.controller.NotificationController - Received request to get notifications of redactor: Johny
2024-12-12T21:49:24.537+0100 INFO               [http-nio-8081-exec-3]         be.pxl.services.services.NotificationService - getting notifications by redactor in the service class
2024-12-12T21:49:24.551+0100 INFO               [http-nio-8081-exec-4]         be.pxl.services.api.controller.PostController - Received request to get all posts
2024-12-12T21:49:24.551+0100 INFO               [http-nio-8081-exec-4]         be.pxl.services.services.PostService - Getting all posts
2024-12-12T21:49:34.492+0100 INFO               [http-nio-8081-exec-5]         be.pxl.services.api.controller.NotificationController - Received request to get notifications of redactor: Johny
2024-12-12T21:49:34.492+0100 INFO               [http-nio-8081-exec-5]         be.pxl.services.services.NotificationService - getting notifications by redactor in the service class
2024-12-12T21:49:34.497+0100 INFO               [http-nio-8081-exec-6]         be.pxl.services.api.controller.PostController - Received request to get all posts
2024-12-12T21:49:34.497+0100 INFO               [http-nio-8081-exec-6]         be.pxl.services.services.PostService - Getting all posts
2024-12-12T21:49:39.495+0100 INFO               [http-nio-8081-exec-7]         be.pxl.services.api.controller.NotificationController - Received request to get notifications of redactor: Johny
2024-12-12T21:49:39.495+0100 INFO               [http-nio-8081-exec-8]         be.pxl.services.api.controller.PostController - Received request to get all posts
2024-12-12T21:49:39.495+0100 INFO               [http-nio-8081-exec-7]         be.pxl.services.services.NotificationService - getting notifications by redactor in the service class
2024-12-12T21:49:39.495+0100 INFO               [http-nio-8081-exec-8]         be.pxl.services.services.PostService - Getting all posts
2024-12-12T21:49:42.485+0100 INFO               [http-nio-8081-exec-9]         be.pxl.services.api.controller.NotificationController - Received request to get notifications of redactor: Johny
2024-12-12T21:49:42.485+0100 INFO               [http-nio-8081-exec-9]         be.pxl.services.services.NotificationService - getting notifications by redactor in the service class
2024-12-12T21:49:42.486+0100 INFO               [http-nio-8081-exec-10]        be.pxl.services.api.controller.PostController - Received request to get all posts
2024-12-12T21:49:42.487+0100 INFO               [http-nio-8081-exec-10]        be.pxl.services.services.PostService - Getting all posts
2024-12-12T21:50:08.496+0100 INFO               [http-nio-8081-exec-2]         be.pxl.services.api.controller.NotificationController - Received request to get notifications of redactor: Johny
2024-12-12T21:50:08.496+0100 INFO               [http-nio-8081-exec-2]         be.pxl.services.services.NotificationService - getting notifications by redactor in the service class
2024-12-12T21:50:08.496+0100 INFO               [http-nio-8081-exec-1]         be.pxl.services.api.controller.PostController - Received request to get all posts
2024-12-12T21:50:08.497+0100 INFO               [http-nio-8081-exec-1]         be.pxl.services.services.PostService - Getting all posts
2024-12-12T21:50:27.837+0100 INFO               [http-nio-8081-exec-3]         be.pxl.services.api.controller.PostController - Received request to get drafts by redactor: Johny
2024-12-12T21:50:27.849+0100 INFO               [http-nio-8081-exec-3]         be.pxl.services.services.PostService - Getting drafts by redactor: Johny
2024-12-12T21:50:27.850+0100 INFO               [http-nio-8081-exec-4]         be.pxl.services.api.controller.PostController - Received request to get posts that need changing by redactor: Johny
2024-12-12T21:50:27.850+0100 INFO               [http-nio-8081-exec-4]         be.pxl.services.services.PostService - Getting posts that need changing by redactor: Johny
2024-12-12T21:50:36.557+0100 INFO               [http-nio-8081-exec-5]         be.pxl.services.api.controller.PostController - Received request to add post
2024-12-12T21:50:36.557+0100 INFO               [http-nio-8081-exec-5]         be.pxl.services.services.PostService - Adding post to the database with title: ffff
2024-12-12T21:50:36.632+0100 INFO               [org.springframework.amqp.rabbit.RabbitListenerEndpointContainer#0-1] be.pxl.services.services.ReviewService - Processing review request: ReviewRequest[postId=1702, postTitle=ffff, postContent=fff]
2024-12-12T21:51:00.646+0100 INFO               [main]                         be.pxl.services.PostServiceApplication - No active profile set, falling back to 1 default profile: "default"
2024-12-12T21:51:03.206+0100 INFO               [main]                         be.pxl.services.PostServiceApplication - Started PostServiceApplication in 3.222 seconds (process running for 3.534)
2024-12-12T21:51:09.277+0100 INFO               [http-nio-8081-exec-1]         be.pxl.services.api.controller.PostController - Received request to add post
2024-12-12T21:51:09.277+0100 INFO               [http-nio-8081-exec-1]         be.pxl.services.services.PostService - Adding post to the database with title: hhh
2024-12-12T21:51:09.325+0100 INFO               [org.springframework.amqp.rabbit.RabbitListenerEndpointContainer#0-1] be.pxl.services.services.ReviewService - Processing review request: ReviewRequest[postId=1752, postTitle=hhh, postContent=hhhh]
2024-12-12T21:51:26.136+0100 INFO               [main]                         be.pxl.services.PostServiceApplication - No active profile set, falling back to 1 default profile: "default"
2024-12-12T21:51:28.756+0100 INFO               [main]                         be.pxl.services.PostServiceApplication - Started PostServiceApplication in 3.306 seconds (process running for 3.649)
2024-12-12T21:52:45.615+0100 INFO               [http-nio-8081-exec-2]         be.pxl.services.api.controller.NotificationController - Received request to get notifications of redactor: Johny
2024-12-12T21:52:45.615+0100 INFO               [http-nio-8081-exec-2]         be.pxl.services.services.NotificationService - getting notifications by redactor in the service class
2024-12-12T21:52:45.644+0100 INFO               [http-nio-8081-exec-3]         be.pxl.services.api.controller.PostController - Received request to get drafts by redactor: Johny
2024-12-12T21:52:45.644+0100 INFO               [http-nio-8081-exec-3]         be.pxl.services.services.PostService - Getting drafts by redactor: Johny
2024-12-12T21:52:45.644+0100 INFO               [http-nio-8081-exec-4]         be.pxl.services.api.controller.PostController - Received request to get posts that need changing by redactor: Johny
2024-12-12T21:52:45.644+0100 INFO               [http-nio-8081-exec-4]         be.pxl.services.services.PostService - Getting posts that need changing by redactor: Johny
2024-12-12T21:52:57.275+0100 INFO               [main]                         be.pxl.services.PostServiceApplication - No active profile set, falling back to 1 default profile: "default"
2024-12-12T21:52:59.917+0100 INFO               [main]                         be.pxl.services.PostServiceApplication - Started PostServiceApplication in 3.322 seconds (process running for 3.642)
2024-12-12T21:53:07.506+0100 INFO               [http-nio-8081-exec-2]         be.pxl.services.api.controller.PostController - Received request to get drafts by redactor: Johny
2024-12-12T21:53:07.506+0100 INFO               [http-nio-8081-exec-1]         be.pxl.services.api.controller.NotificationController - Received request to get notifications of redactor: Johny
2024-12-12T21:53:07.506+0100 INFO               [http-nio-8081-exec-2]         be.pxl.services.services.PostService - Getting drafts by redactor: Johny
2024-12-12T21:53:07.506+0100 INFO               [http-nio-8081-exec-3]         be.pxl.services.api.controller.PostController - Received request to get posts that need changing by redactor: Johny
2024-12-12T21:53:07.507+0100 INFO               [http-nio-8081-exec-1]         be.pxl.services.services.NotificationService - getting notifications by redactor in the service class
2024-12-12T21:53:07.507+0100 INFO               [http-nio-8081-exec-3]         be.pxl.services.services.PostService - Getting posts that need changing by redactor: Johny
2024-12-12T21:53:08.395+0100 INFO               [http-nio-8081-exec-4]         be.pxl.services.api.controller.PostController - Received request to get all posts
2024-12-12T21:53:08.395+0100 INFO               [http-nio-8081-exec-4]         be.pxl.services.services.PostService - Getting all posts
2024-12-12T21:53:09.651+0100 INFO               [http-nio-8081-exec-5]         be.pxl.services.api.controller.NotificationController - Received request to get notifications of redactor: Johny
2024-12-12T21:53:09.651+0100 INFO               [http-nio-8081-exec-5]         be.pxl.services.services.NotificationService - getting notifications by redactor in the service class
2024-12-12T21:53:09.675+0100 INFO               [http-nio-8081-exec-6]         be.pxl.services.api.controller.PostController - Received request to get all posts
2024-12-12T21:53:09.675+0100 INFO               [http-nio-8081-exec-6]         be.pxl.services.services.PostService - Getting all posts
2024-12-12T21:53:15.530+0100 INFO               [http-nio-8081-exec-7]         be.pxl.services.api.controller.PostController - Received request to filter posts
2024-12-12T21:53:15.530+0100 INFO               [http-nio-8081-exec-7]         be.pxl.services.services.PostService - Getting filtered posts
2024-12-12T21:53:22.649+0100 INFO               [http-nio-8081-exec-8]         be.pxl.services.api.controller.PostController - Received request to filter posts
2024-12-12T21:53:22.649+0100 INFO               [http-nio-8081-exec-8]         be.pxl.services.services.PostService - Getting filtered posts
2024-12-12T21:53:29.875+0100 INFO               [http-nio-8081-exec-10]        be.pxl.services.api.controller.PostController - Received request to filter posts
2024-12-12T21:53:29.875+0100 INFO               [http-nio-8081-exec-10]        be.pxl.services.services.PostService - Getting filtered posts
2024-12-12T22:47:23.631+0100 INFO               [http-nio-8081-exec-6]         be.pxl.services.api.controller.NotificationController - Received request to get notifications of redactor: Johny
2024-12-12T22:47:23.632+0100 INFO               [http-nio-8081-exec-6]         be.pxl.services.services.NotificationService - getting notifications by redactor in the service class
2024-12-12T22:47:23.655+0100 INFO               [http-nio-8081-exec-7]         be.pxl.services.api.controller.PostController - Received request to get all posts
2024-12-12T22:47:23.655+0100 INFO               [http-nio-8081-exec-7]         be.pxl.services.services.PostService - Getting all posts
2024-12-12T22:48:04.645+0100 INFO               [http-nio-8081-exec-8]         be.pxl.services.api.controller.NotificationController - Received request to get notifications of redactor: Johny
2024-12-12T22:48:04.645+0100 INFO               [http-nio-8081-exec-8]         be.pxl.services.services.NotificationService - getting notifications by redactor in the service class
2024-12-12T22:48:04.657+0100 INFO               [http-nio-8081-exec-10]        be.pxl.services.api.controller.PostController - Received request to get all posts
2024-12-12T22:48:04.657+0100 INFO               [http-nio-8081-exec-10]        be.pxl.services.services.PostService - Getting all posts
2024-12-12T22:48:47.657+0100 INFO               [http-nio-8081-exec-9]         be.pxl.services.api.controller.NotificationController - Received request to get notifications of redactor: Johny
2024-12-12T22:48:47.657+0100 INFO               [http-nio-8081-exec-9]         be.pxl.services.services.NotificationService - getting notifications by redactor in the service class
2024-12-12T22:48:47.674+0100 INFO               [http-nio-8081-exec-1]         be.pxl.services.api.controller.PostController - Received request to get all posts
2024-12-12T22:48:47.682+0100 INFO               [http-nio-8081-exec-1]         be.pxl.services.services.PostService - Getting all posts
2024-12-12T22:50:07.602+0100 INFO               [http-nio-8081-exec-2]         be.pxl.services.api.controller.NotificationController - Received request to get notifications of redactor: Johny
2024-12-12T22:50:07.602+0100 INFO               [http-nio-8081-exec-2]         be.pxl.services.services.NotificationService - getting notifications by redactor in the service class
2024-12-12T22:50:07.620+0100 INFO               [http-nio-8081-exec-4]         be.pxl.services.api.controller.PostController - Received request to get all posts
2024-12-12T22:50:07.620+0100 INFO               [http-nio-8081-exec-4]         be.pxl.services.services.PostService - Getting all posts
2024-12-12T22:51:17.623+0100 INFO               [http-nio-8081-exec-6]         be.pxl.services.api.controller.NotificationController - Received request to get notifications of redactor: Johny
2024-12-12T22:51:17.623+0100 INFO               [http-nio-8081-exec-6]         be.pxl.services.services.NotificationService - getting notifications by redactor in the service class
2024-12-12T22:51:17.640+0100 INFO               [http-nio-8081-exec-7]         be.pxl.services.api.controller.PostController - Received request to get all posts
2024-12-12T22:51:17.640+0100 INFO               [http-nio-8081-exec-7]         be.pxl.services.services.PostService - Getting all posts
2024-12-12T22:51:23.592+0100 INFO               [http-nio-8081-exec-8]         be.pxl.services.api.controller.NotificationController - Received request to get notifications of redactor: Johny
2024-12-12T22:51:23.592+0100 INFO               [http-nio-8081-exec-8]         be.pxl.services.services.NotificationService - getting notifications by redactor in the service class
2024-12-12T22:51:23.607+0100 INFO               [http-nio-8081-exec-10]        be.pxl.services.api.controller.PostController - Received request to get all posts
2024-12-12T22:51:23.607+0100 INFO               [http-nio-8081-exec-10]        be.pxl.services.services.PostService - Getting all posts
2024-12-12T22:51:27.241+0100 INFO               [http-nio-8084-exec-1]         be.pxl.services.api.controller.ReviewController - Received request to view submitted posts
2024-12-12T22:51:27.241+0100 INFO               [http-nio-8084-exec-1]         be.pxl.services.services.ReviewService - Getting all submitted posts
2024-12-12T22:51:31.564+0100 INFO               [http-nio-8084-exec-2]         be.pxl.services.api.controller.ReviewController - Received request to reject post with id 1752
2024-12-12T22:51:31.564+0100 INFO               [http-nio-8084-exec-2]         be.pxl.services.services.ReviewService - Rejecting post with id 1752
2024-12-12T22:51:31.633+0100 INFO               [http-nio-8081-exec-9]         be.pxl.services.api.controller.NotificationController - Received request to send a notification
2024-12-12T22:51:31.633+0100 INFO               [http-nio-8081-exec-9]         be.pxl.services.services.NotificationService - creating a notification in the service class
2024-12-12T22:51:31.708+0100 INFO               [org.springframework.amqp.rabbit.RabbitListenerEndpointContainer#0-1] be.pxl.services.services.PostService - Received review result with postId: 1752
2024-12-12T22:51:32.635+0100 INFO               [http-nio-8081-exec-1]         be.pxl.services.api.controller.PostController - Received request to get posts that need changing by redactor: Johny
2024-12-12T22:51:32.635+0100 INFO               [http-nio-8081-exec-1]         be.pxl.services.services.PostService - Getting posts that need changing by redactor: Johny
2024-12-12T22:51:32.637+0100 INFO               [http-nio-8081-exec-3]         be.pxl.services.api.controller.PostController - Received request to get drafts by redactor: Johny
2024-12-12T22:51:32.638+0100 INFO               [http-nio-8081-exec-3]         be.pxl.services.services.PostService - Getting drafts by redactor: Johny
2024-12-12T22:51:35.526+0100 INFO               [http-nio-8084-exec-4]         be.pxl.services.api.controller.ReviewController - Received request to view submitted posts
2024-12-12T22:51:35.527+0100 INFO               [http-nio-8084-exec-4]         be.pxl.services.services.ReviewService - Getting all submitted posts
2024-12-12T22:51:38.391+0100 INFO               [http-nio-8084-exec-3]         be.pxl.services.api.controller.ReviewController - Received request to reject post with id 1702
2024-12-12T22:51:38.391+0100 INFO               [http-nio-8084-exec-3]         be.pxl.services.services.ReviewService - Rejecting post with id 1702
2024-12-12T22:51:38.411+0100 INFO               [http-nio-8081-exec-2]         be.pxl.services.api.controller.NotificationController - Received request to send a notification
2024-12-12T22:51:38.411+0100 INFO               [http-nio-8081-exec-2]         be.pxl.services.services.NotificationService - creating a notification in the service class
2024-12-12T22:51:38.422+0100 INFO               [org.springframework.amqp.rabbit.RabbitListenerEndpointContainer#0-1] be.pxl.services.services.PostService - Received review result with postId: 1702
2024-12-12T22:51:40.131+0100 INFO               [http-nio-8081-exec-4]         be.pxl.services.api.controller.NotificationController - Received request to get notifications of redactor: Johny
2024-12-12T22:51:40.131+0100 INFO               [http-nio-8081-exec-4]         be.pxl.services.services.NotificationService - getting notifications by redactor in the service class
2024-12-12T22:51:40.151+0100 INFO               [http-nio-8084-exec-5]         be.pxl.services.api.controller.ReviewController - Received request to view submitted posts
2024-12-12T22:51:40.151+0100 INFO               [http-nio-8084-exec-5]         be.pxl.services.services.ReviewService - Getting all submitted posts
2024-12-12T22:51:42.370+0100 INFO               [http-nio-8081-exec-5]         be.pxl.services.api.controller.NotificationController - Received request to delete notification with id: 53
2024-12-12T22:51:42.370+0100 INFO               [http-nio-8081-exec-5]         be.pxl.services.services.NotificationService - deleting notification in the service class
2024-12-12T22:51:43.438+0100 INFO               [http-nio-8081-exec-6]         be.pxl.services.api.controller.PostController - Received request to get drafts by redactor: Johny
2024-12-12T22:51:43.438+0100 INFO               [http-nio-8081-exec-7]         be.pxl.services.api.controller.PostController - Received request to get posts that need changing by redactor: Johny
2024-12-12T22:51:43.439+0100 INFO               [http-nio-8081-exec-6]         be.pxl.services.services.PostService - Getting drafts by redactor: Johny
2024-12-12T22:51:43.439+0100 INFO               [http-nio-8081-exec-7]         be.pxl.services.services.PostService - Getting posts that need changing by redactor: Johny
2024-12-12T22:51:46.193+0100 INFO               [http-nio-8081-exec-8]         be.pxl.services.api.controller.NotificationController - Received request to get notifications of redactor: Johny
2024-12-12T22:51:46.193+0100 INFO               [http-nio-8081-exec-10]        be.pxl.services.api.controller.PostController - Received request to get drafts by redactor: Johny
2024-12-12T22:51:46.194+0100 INFO               [http-nio-8081-exec-8]         be.pxl.services.services.NotificationService - getting notifications by redactor in the service class
2024-12-12T22:51:46.194+0100 INFO               [http-nio-8081-exec-10]        be.pxl.services.services.PostService - Getting drafts by redactor: Johny
2024-12-12T22:51:46.204+0100 INFO               [http-nio-8081-exec-9]         be.pxl.services.api.controller.PostController - Received request to get posts that need changing by redactor: Johny
2024-12-12T22:51:46.204+0100 INFO               [http-nio-8081-exec-9]         be.pxl.services.services.PostService - Getting posts that need changing by redactor: Johny
2024-12-12T22:51:46.687+0100 INFO               [http-nio-8081-exec-1]         be.pxl.services.api.controller.NotificationController - Received request to get notifications of redactor: Johny
2024-12-12T22:51:46.687+0100 INFO               [http-nio-8081-exec-1]         be.pxl.services.services.NotificationService - getting notifications by redactor in the service class
2024-12-12T22:51:46.709+0100 INFO               [http-nio-8081-exec-3]         be.pxl.services.api.controller.PostController - Received request to get drafts by redactor: Johny
2024-12-12T22:51:46.709+0100 INFO               [http-nio-8081-exec-3]         be.pxl.services.services.PostService - Getting drafts by redactor: Johny
2024-12-12T22:51:46.720+0100 INFO               [http-nio-8081-exec-2]         be.pxl.services.api.controller.PostController - Received request to get posts that need changing by redactor: Johny
2024-12-12T22:51:46.720+0100 INFO               [http-nio-8081-exec-2]         be.pxl.services.services.PostService - Getting posts that need changing by redactor: Johny
2024-12-12T22:52:20.718+0100 INFO               [main]                         be.pxl.services.PostServiceApplication - No active profile set, falling back to 1 default profile: "default"
2024-12-12T22:52:21.835+0100 INFO               [main]                         be.pxl.services.CommentServiceApplication - Starting CommentServiceApplication using Java 17.0.11 with PID 1836 (C:\Users\kumbr\Documents\3TIN\Fullstack Java\Project\project-LeviKumbruckPXL\backend-java\NewsBlog\comment-service\target\classes started by kumbr in C:\Users\kumbr\Documents\3TIN\Fullstack Java\Project\project-LeviKumbruckPXL\backend-java\NewsBlog)
2024-12-12T22:52:21.836+0100 DEBUG              [main]                         be.pxl.services.CommentServiceApplication - Running with Spring Boot v3.3.5, Spring v6.1.14
2024-12-12T22:52:21.836+0100 INFO               [main]                         be.pxl.services.CommentServiceApplication - No active profile set, falling back to 1 default profile: "default"
2024-12-12T22:52:24.149+0100 INFO               [main]                         be.pxl.services.PostServiceApplication - Started PostServiceApplication in 4.219 seconds (process running for 4.564)
2024-12-12T22:52:24.308+0100 INFO               [main]                         be.pxl.services.ReviewServiceApplication - Starting ReviewServiceApplication using Java 17.0.11 with PID 13396 (C:\Users\kumbr\Documents\3TIN\Fullstack Java\Project\project-LeviKumbruckPXL\backend-java\NewsBlog\review-service\target\classes started by kumbr in C:\Users\kumbr\Documents\3TIN\Fullstack Java\Project\project-LeviKumbruckPXL\backend-java\NewsBlog)
2024-12-12T22:52:24.309+0100 DEBUG              [main]                         be.pxl.services.ReviewServiceApplication - Running with Spring Boot v3.3.5, Spring v6.1.14
2024-12-12T22:52:24.309+0100 INFO               [main]                         be.pxl.services.ReviewServiceApplication - No active profile set, falling back to 1 default profile: "default"
2024-12-12T22:52:24.564+0100 INFO               [main]                         be.pxl.services.CommentServiceApplication - Started CommentServiceApplication in 3.408 seconds (process running for 3.961)
2024-12-12T22:52:27.052+0100 INFO               [main]                         be.pxl.services.ReviewServiceApplication - Started ReviewServiceApplication in 3.456 seconds (process running for 3.833)
2024-12-12T22:52:57.934+0100 INFO               [http-nio-8081-exec-1]         be.pxl.services.api.controller.NotificationController - Received request to get notifications of redactor: Johny
2024-12-12T22:52:57.934+0100 INFO               [http-nio-8081-exec-3]         be.pxl.services.api.controller.PostController - Received request to get posts that need changing by redactor: Johny
2024-12-12T22:52:57.934+0100 INFO               [http-nio-8081-exec-2]         be.pxl.services.api.controller.PostController - Received request to get drafts by redactor: Johny
2024-12-12T22:52:57.934+0100 INFO               [http-nio-8081-exec-1]         be.pxl.services.services.NotificationService - getting notifications by redactor in the service class
2024-12-12T22:52:57.934+0100 INFO               [http-nio-8081-exec-3]         be.pxl.services.services.PostService - Getting posts that need changing by redactor: Johny
2024-12-12T22:52:57.934+0100 INFO               [http-nio-8081-exec-2]         be.pxl.services.services.PostService - Getting drafts by redactor: Johny
2024-12-12T22:52:59.501+0100 INFO               [http-nio-8084-exec-1]         be.pxl.services.api.controller.ReviewController - Received request to view submitted posts
2024-12-12T22:52:59.501+0100 INFO               [http-nio-8084-exec-1]         be.pxl.services.services.ReviewService - Getting all submitted posts
2024-12-12T22:53:01.213+0100 INFO               [http-nio-8081-exec-4]         be.pxl.services.api.controller.NotificationController - Received request to get notifications of redactor: Johny
2024-12-12T22:53:01.213+0100 INFO               [http-nio-8081-exec-4]         be.pxl.services.services.NotificationService - getting notifications by redactor in the service class
2024-12-12T22:53:01.221+0100 INFO               [http-nio-8084-exec-3]         be.pxl.services.api.controller.ReviewController - Received request to view submitted posts
2024-12-12T22:53:01.221+0100 INFO               [http-nio-8084-exec-3]         be.pxl.services.services.ReviewService - Getting all submitted posts
2024-12-12T22:53:02.077+0100 INFO               [http-nio-8081-exec-6]         be.pxl.services.api.controller.PostController - Received request to get posts that need changing by redactor: Johny
2024-12-12T22:53:02.077+0100 INFO               [http-nio-8081-exec-5]         be.pxl.services.api.controller.PostController - Received request to get drafts by redactor: Johny
2024-12-12T22:53:02.077+0100 INFO               [http-nio-8081-exec-6]         be.pxl.services.services.PostService - Getting posts that need changing by redactor: Johny
2024-12-12T22:53:02.077+0100 INFO               [http-nio-8081-exec-5]         be.pxl.services.services.PostService - Getting drafts by redactor: Johny
2024-12-12T22:53:03.894+0100 INFO               [http-nio-8081-exec-7]         be.pxl.services.api.controller.PostController - Received request to send draft with id 1453 for review
2024-12-12T22:53:03.894+0100 INFO               [http-nio-8081-exec-7]         be.pxl.services.services.PostService - Sending draft for review with id: 1453
2024-12-12T22:53:03.946+0100 INFO               [org.springframework.amqp.rabbit.RabbitListenerEndpointContainer#0-1] be.pxl.services.services.ReviewService - Processing review request: ReviewRequest[postId=1453, postTitle=daraft, postContent=daraft]
2024-12-12T22:53:04.591+0100 INFO               [http-nio-8084-exec-2]         be.pxl.services.api.controller.ReviewController - Received request to view submitted posts
2024-12-12T22:53:04.591+0100 INFO               [http-nio-8084-exec-2]         be.pxl.services.services.ReviewService - Getting all submitted posts
2024-12-12T22:53:07.806+0100 INFO               [http-nio-8084-exec-7]         be.pxl.services.api.controller.ReviewController - Received request to approve post with id 1453
2024-12-12T22:53:07.806+0100 INFO               [http-nio-8084-exec-7]         be.pxl.services.services.ReviewService - Approving post with id 1453
2024-12-12T22:53:07.871+0100 INFO               [http-nio-8081-exec-9]         be.pxl.services.api.controller.NotificationController - Received request to send a notification
2024-12-12T22:53:07.871+0100 INFO               [http-nio-8081-exec-9]         be.pxl.services.services.NotificationService - creating a notification in the service class
2024-12-12T22:53:07.908+0100 INFO               [org.springframework.amqp.rabbit.RabbitListenerEndpointContainer#0-1] be.pxl.services.services.PostService - Received review result with postId: 1453
2024-12-12T22:53:08.762+0100 INFO               [http-nio-8081-exec-10]        be.pxl.services.api.controller.PostController - Received request to get all posts
2024-12-12T22:53:08.762+0100 INFO               [http-nio-8081-exec-10]        be.pxl.services.services.PostService - Getting all posts
2024-12-12T22:53:10.600+0100 INFO               [http-nio-8081-exec-8]         be.pxl.services.api.controller.NotificationController - Received request to get notifications of redactor: Johny
2024-12-12T22:53:10.601+0100 INFO               [http-nio-8081-exec-8]         be.pxl.services.services.NotificationService - getting notifications by redactor in the service class
2024-12-12T22:53:10.625+0100 INFO               [http-nio-8081-exec-1]         be.pxl.services.api.controller.PostController - Received request to get all posts
2024-12-12T22:53:10.625+0100 INFO               [http-nio-8081-exec-1]         be.pxl.services.services.PostService - Getting all posts
2024-12-12T22:53:14.320+0100 INFO               [http-nio-8081-exec-3]         be.pxl.services.api.controller.NotificationController - Received request to delete notification with id: 102
2024-12-12T22:53:14.320+0100 INFO               [http-nio-8081-exec-3]         be.pxl.services.services.NotificationService - deleting notification in the service class
2024-12-12T22:53:23.005+0100 INFO               [http-nio-8084-exec-5]         be.pxl.services.api.controller.ReviewController - Received request to view submitted posts
2024-12-12T22:53:23.005+0100 INFO               [http-nio-8084-exec-5]         be.pxl.services.services.ReviewService - Getting all submitted posts
2024-12-12T22:53:23.921+0100 INFO               [http-nio-8081-exec-4]         be.pxl.services.api.controller.PostController - Received request to get posts that need changing by redactor: Johny
2024-12-12T22:53:23.921+0100 INFO               [http-nio-8081-exec-2]         be.pxl.services.api.controller.PostController - Received request to get drafts by redactor: Johny
2024-12-12T22:53:23.922+0100 INFO               [http-nio-8081-exec-4]         be.pxl.services.services.PostService - Getting posts that need changing by redactor: Johny
2024-12-12T22:53:23.922+0100 INFO               [http-nio-8081-exec-2]         be.pxl.services.services.PostService - Getting drafts by redactor: Johny
2024-12-12T22:53:26.149+0100 INFO               [http-nio-8081-exec-5]         be.pxl.services.api.controller.PostController - Received request to send draft with id 1702 for review
2024-12-12T22:53:26.149+0100 INFO               [http-nio-8081-exec-5]         be.pxl.services.services.PostService - Sending draft for review with id: 1702
2024-12-12T22:53:26.164+0100 INFO               [org.springframework.amqp.rabbit.RabbitListenerEndpointContainer#0-1] be.pxl.services.services.ReviewService - Processing review request: ReviewRequest[postId=1702, postTitle=ffff, postContent=fff]
2024-12-12T22:53:27.016+0100 INFO               [http-nio-8084-exec-6]         be.pxl.services.api.controller.ReviewController - Received request to view submitted posts
2024-12-12T22:53:27.016+0100 INFO               [http-nio-8084-exec-6]         be.pxl.services.services.ReviewService - Getting all submitted posts
2024-12-12T22:53:47.135+0100 INFO               [http-nio-8082-exec-1]         be.pxl.services.api.controller.CommentController - Received request to add comment to post with id 1402
2024-12-12T22:53:47.135+0100 INFO               [http-nio-8082-exec-1]         be.pxl.services.services.CommentService - Adding comment to post with id 1402
2024-12-12T22:54:35.838+0100 INFO               [http-nio-8081-exec-8]         be.pxl.services.api.controller.PostController - Received request to add post
2024-12-12T22:54:35.838+0100 WARN               [http-nio-8081-exec-8]         be.pxl.services.api.controller.PostController - Forbidden: User with role lerbon attempted to add a post
2024-12-12T22:54:41.481+0100 INFO               [http-nio-8081-exec-1]         be.pxl.services.api.controller.PostController - Received request to add post
2024-12-12T22:54:41.481+0100 WARN               [http-nio-8081-exec-1]         be.pxl.services.api.controller.PostController - Forbidden: User with role user attempted to add a post
2024-12-12T22:54:48.663+0100 INFO               [http-nio-8081-exec-4]         be.pxl.services.api.controller.PostController - Received request to add post
2024-12-12T22:54:48.663+0100 WARN               [http-nio-8081-exec-4]         be.pxl.services.api.controller.PostController - Forbidden: User with role user attempted to add a post
2024-12-12T23:03:50.608+0100 INFO               [http-nio-8081-exec-5]         be.pxl.services.api.controller.NotificationController - Received request to get notifications of redactor: Johny
2024-12-12T23:03:50.609+0100 INFO               [http-nio-8081-exec-5]         be.pxl.services.services.NotificationService - getting notifications by redactor in the service class
2024-12-12T23:03:50.631+0100 INFO               [http-nio-8084-exec-8]         be.pxl.services.api.controller.ReviewController - Received request to view submitted posts
2024-12-12T23:03:50.631+0100 INFO               [http-nio-8084-exec-8]         be.pxl.services.services.ReviewService - Getting all submitted posts
2024-12-12T23:04:10.581+0100 INFO               [http-nio-8081-exec-6]         be.pxl.services.api.controller.NotificationController - Received request to get notifications of redactor: Johny
2024-12-12T23:04:10.581+0100 INFO               [http-nio-8081-exec-6]         be.pxl.services.services.NotificationService - getting notifications by redactor in the service class
2024-12-12T23:04:10.599+0100 INFO               [http-nio-8084-exec-9]         be.pxl.services.api.controller.ReviewController - Received request to view submitted posts
2024-12-12T23:04:10.599+0100 INFO               [http-nio-8084-exec-9]         be.pxl.services.services.ReviewService - Getting all submitted posts
2024-12-12T23:04:16.510+0100 INFO               [http-nio-8081-exec-7]         be.pxl.services.api.controller.NotificationController - Received request to get notifications of redactor: Johny
2024-12-12T23:04:16.511+0100 INFO               [http-nio-8081-exec-7]         be.pxl.services.services.NotificationService - getting notifications by redactor in the service class
2024-12-12T23:04:16.511+0100 INFO               [http-nio-8084-exec-10]        be.pxl.services.api.controller.ReviewController - Received request to view submitted posts
2024-12-12T23:04:16.511+0100 INFO               [http-nio-8084-exec-10]        be.pxl.services.services.ReviewService - Getting all submitted posts
2024-12-12T23:17:30.601+0100 INFO               [http-nio-8081-exec-10]        be.pxl.services.api.controller.NotificationController - Received request to get notifications of redactor: Johny
2024-12-12T23:17:30.601+0100 INFO               [http-nio-8081-exec-10]        be.pxl.services.services.NotificationService - getting notifications by redactor in the service class
2024-12-12T23:17:30.624+0100 INFO               [http-nio-8084-exec-3]         be.pxl.services.api.controller.ReviewController - Received request to view submitted posts
2024-12-12T23:17:30.624+0100 INFO               [http-nio-8084-exec-3]         be.pxl.services.services.ReviewService - Getting all submitted posts
2024-12-12T23:17:50.587+0100 INFO               [http-nio-8081-exec-8]         be.pxl.services.api.controller.NotificationController - Received request to get notifications of redactor: Johny
2024-12-12T23:17:50.588+0100 INFO               [http-nio-8081-exec-8]         be.pxl.services.services.NotificationService - getting notifications by redactor in the service class
2024-12-12T23:17:50.607+0100 INFO               [http-nio-8084-exec-2]         be.pxl.services.api.controller.ReviewController - Received request to view submitted posts
2024-12-12T23:17:50.607+0100 INFO               [http-nio-8084-exec-2]         be.pxl.services.services.ReviewService - Getting all submitted posts
2024-12-12T23:18:03.490+0100 INFO               [http-nio-8084-exec-7]         be.pxl.services.api.controller.ReviewController - Received request to view submitted posts
2024-12-12T23:18:03.492+0100 INFO               [http-nio-8084-exec-7]         be.pxl.services.services.ReviewService - Getting all submitted posts
2024-12-12T23:18:03.492+0100 INFO               [http-nio-8081-exec-1]         be.pxl.services.api.controller.NotificationController - Received request to get notifications of redactor: Johny
2024-12-12T23:18:03.492+0100 INFO               [http-nio-8081-exec-1]         be.pxl.services.services.NotificationService - getting notifications by redactor in the service class
2024-12-12T23:18:12.374+0100 INFO               [main]                         be.pxl.services.PostServiceApplication - No active profile set, falling back to 1 default profile: "default"
2024-12-12T23:18:14.593+0100 INFO               [main]                         be.pxl.services.CommentServiceApplication - Starting CommentServiceApplication using Java 17.0.11 with PID 37160 (C:\Users\kumbr\Documents\3TIN\Fullstack Java\Project\project-LeviKumbruckPXL\backend-java\NewsBlog\comment-service\target\classes started by kumbr in C:\Users\kumbr\Documents\3TIN\Fullstack Java\Project\project-LeviKumbruckPXL\backend-java\NewsBlog)
2024-12-12T23:18:14.594+0100 DEBUG              [main]                         be.pxl.services.CommentServiceApplication - Running with Spring Boot v3.3.5, Spring v6.1.14
2024-12-12T23:18:14.595+0100 INFO               [main]                         be.pxl.services.CommentServiceApplication - No active profile set, falling back to 1 default profile: "default"
2024-12-12T23:18:15.118+0100 INFO               [main]                         be.pxl.services.PostServiceApplication - Started PostServiceApplication in 3.504 seconds (process running for 3.842)
2024-12-12T23:18:16.899+0100 INFO               [main]                         be.pxl.services.CommentServiceApplication - Started CommentServiceApplication in 2.826 seconds (process running for 3.165)
2024-12-12T23:18:24.329+0100 INFO               [main]                         be.pxl.services.ReviewServiceApplication - Starting ReviewServiceApplication using Java 17.0.11 with PID 35044 (C:\Users\kumbr\Documents\3TIN\Fullstack Java\Project\project-LeviKumbruckPXL\backend-java\NewsBlog\review-service\target\classes started by kumbr in C:\Users\kumbr\Documents\3TIN\Fullstack Java\Project\project-LeviKumbruckPXL\backend-java\NewsBlog)
2024-12-12T23:18:24.330+0100 DEBUG              [main]                         be.pxl.services.ReviewServiceApplication - Running with Spring Boot v3.3.5, Spring v6.1.14
2024-12-12T23:18:24.330+0100 INFO               [main]                         be.pxl.services.ReviewServiceApplication - No active profile set, falling back to 1 default profile: "default"
2024-12-12T23:18:26.794+0100 INFO               [main]                         be.pxl.services.ReviewServiceApplication - Started ReviewServiceApplication in 3.009 seconds (process running for 3.348)
2024-12-12T23:19:17.718+0100 INFO               [http-nio-8084-exec-1]         be.pxl.services.api.controller.ReviewController - Received request to view submitted posts
2024-12-12T23:19:17.718+0100 INFO               [http-nio-8084-exec-1]         be.pxl.services.services.ReviewService - Getting all submitted posts
2024-12-12T23:19:17.720+0100 INFO               [http-nio-8081-exec-1]         be.pxl.services.api.controller.NotificationController - Received request to get notifications of redactor: Johny
2024-12-12T23:19:17.720+0100 WARN               [http-nio-8081-exec-1]         be.pxl.services.api.controller.NotificationController - Forbidden: User with role  attempted to get notifications for redactor Johny
2024-12-12T23:19:27.867+0100 INFO               [http-nio-8084-exec-2]         be.pxl.services.api.controller.ReviewController - Received request to view submitted posts
2024-12-12T23:19:27.867+0100 INFO               [http-nio-8084-exec-2]         be.pxl.services.services.ReviewService - Getting all submitted posts
2024-12-12T23:19:27.867+0100 INFO               [http-nio-8081-exec-2]         be.pxl.services.api.controller.NotificationController - Received request to get notifications of redactor: Johny
2024-12-12T23:19:27.867+0100 WARN               [http-nio-8081-exec-2]         be.pxl.services.api.controller.NotificationController - Forbidden: User with role  attempted to get notifications for redactor Johny
2024-12-12T23:19:28.696+0100 INFO               [http-nio-8081-exec-3]         be.pxl.services.api.controller.PostController - Received request to get posts that need changing by redactor: Johny
2024-12-12T23:19:28.696+0100 INFO               [http-nio-8081-exec-3]         be.pxl.services.services.PostService - Getting posts that need changing by redactor: Johny
2024-12-12T23:19:28.698+0100 INFO               [http-nio-8081-exec-4]         be.pxl.services.api.controller.PostController - Received request to get drafts by redactor: Johny
2024-12-12T23:19:28.698+0100 INFO               [http-nio-8081-exec-4]         be.pxl.services.services.PostService - Getting drafts by redactor: Johny
2024-12-12T23:19:29.289+0100 INFO               [http-nio-8081-exec-5]         be.pxl.services.api.controller.PostController - Received request to get all posts
2024-12-12T23:19:29.289+0100 INFO               [http-nio-8081-exec-5]         be.pxl.services.services.PostService - Getting all posts
2024-12-12T23:20:46.199+0100 INFO               [http-nio-8081-exec-9]         be.pxl.services.api.controller.NotificationController - Received request to get notifications of redactor: Johny
2024-12-12T23:20:46.199+0100 INFO               [http-nio-8081-exec-9]         be.pxl.services.services.NotificationService - getting notifications by redactor in the service class
2024-12-12T23:21:04.124+0100 INFO               [http-nio-8081-exec-10]        be.pxl.services.api.controller.PostController - Received request to get drafts by redactor: Johny
2024-12-12T23:21:04.124+0100 INFO               [http-nio-8081-exec-10]        be.pxl.services.services.PostService - Getting drafts by redactor: Johny
2024-12-12T23:21:04.125+0100 INFO               [http-nio-8081-exec-1]         be.pxl.services.api.controller.PostController - Received request to get posts that need changing by redactor: Johny
2024-12-12T23:21:04.125+0100 INFO               [http-nio-8081-exec-1]         be.pxl.services.services.PostService - Getting posts that need changing by redactor: Johny
2024-12-12T23:21:05.475+0100 INFO               [http-nio-8084-exec-4]         be.pxl.services.api.controller.ReviewController - Received request to view submitted posts
2024-12-12T23:21:05.475+0100 INFO               [http-nio-8084-exec-4]         be.pxl.services.services.ReviewService - Getting all submitted posts
2024-12-12T23:21:05.996+0100 INFO               [http-nio-8081-exec-2]         be.pxl.services.api.controller.PostController - Received request to get drafts by redactor: Johny
2024-12-12T23:21:05.996+0100 INFO               [http-nio-8081-exec-4]         be.pxl.services.api.controller.PostController - Received request to get posts that need changing by redactor: Johny
2024-12-12T23:21:05.996+0100 INFO               [http-nio-8081-exec-2]         be.pxl.services.services.PostService - Getting drafts by redactor: Johny
2024-12-12T23:21:05.996+0100 INFO               [http-nio-8081-exec-4]         be.pxl.services.services.PostService - Getting posts that need changing by redactor: Johny
2024-12-12T23:21:06.761+0100 INFO               [http-nio-8084-exec-5]         be.pxl.services.api.controller.ReviewController - Received request to view submitted posts
2024-12-12T23:21:06.761+0100 INFO               [http-nio-8084-exec-5]         be.pxl.services.services.ReviewService - Getting all submitted posts
2024-12-12T23:21:09.493+0100 INFO               [http-nio-8084-exec-6]         be.pxl.services.api.controller.ReviewController - Received request to approve post with id 1702
2024-12-12T23:21:09.493+0100 INFO               [http-nio-8084-exec-6]         be.pxl.services.services.ReviewService - Approving post with id 1702
2024-12-12T23:21:09.565+0100 INFO               [http-nio-8081-exec-3]         be.pxl.services.api.controller.NotificationController - Received request to send a notification
2024-12-12T23:21:09.566+0100 INFO               [http-nio-8081-exec-3]         be.pxl.services.services.NotificationService - creating a notification in the service class
2024-12-12T23:21:09.623+0100 INFO               [org.springframework.amqp.rabbit.RabbitListenerEndpointContainer#0-1] be.pxl.services.services.PostService - Received review result with postId: 1702
2024-12-12T23:21:10.729+0100 INFO               [http-nio-8081-exec-6]         be.pxl.services.api.controller.PostController - Received request to get posts that need changing by redactor: Johny
2024-12-12T23:21:10.729+0100 INFO               [http-nio-8081-exec-5]         be.pxl.services.api.controller.PostController - Received request to get drafts by redactor: Johny
2024-12-12T23:21:10.729+0100 INFO               [http-nio-8081-exec-6]         be.pxl.services.services.PostService - Getting posts that need changing by redactor: Johny
2024-12-12T23:21:10.729+0100 INFO               [http-nio-8081-exec-5]         be.pxl.services.services.PostService - Getting drafts by redactor: Johny
2024-12-12T23:21:11.685+0100 INFO               [http-nio-8081-exec-8]         be.pxl.services.api.controller.PostController - Received request to get drafts by redactor: Johny
2024-12-12T23:21:11.685+0100 INFO               [http-nio-8081-exec-7]         be.pxl.services.api.controller.PostController - Received request to get posts that need changing by redactor: Johny
2024-12-12T23:21:11.685+0100 INFO               [http-nio-8081-exec-8]         be.pxl.services.services.PostService - Getting drafts by redactor: Johny
2024-12-12T23:21:11.685+0100 INFO               [http-nio-8081-exec-7]         be.pxl.services.services.PostService - Getting posts that need changing by redactor: Johny
2024-12-12T23:21:11.697+0100 INFO               [http-nio-8081-exec-9]         be.pxl.services.api.controller.NotificationController - Received request to get notifications of redactor: Johny
2024-12-12T23:21:11.698+0100 WARN               [http-nio-8081-exec-9]         be.pxl.services.api.controller.NotificationController - Forbidden: User with role  attempted to get notifications for redactor Johny
2024-12-12T23:21:20.695+0100 INFO               [http-nio-8081-exec-10]        be.pxl.services.api.controller.NotificationController - Received request to get notifications of redactor: Johny
2024-12-12T23:21:20.695+0100 WARN               [http-nio-8081-exec-10]        be.pxl.services.api.controller.NotificationController - Forbidden: User with role  attempted to get notifications for redactor Johny
2024-12-12T23:21:20.696+0100 INFO               [http-nio-8081-exec-1]         be.pxl.services.api.controller.PostController - Received request to get drafts by redactor: Johny
2024-12-12T23:21:20.696+0100 INFO               [http-nio-8081-exec-1]         be.pxl.services.services.PostService - Getting drafts by redactor: Johny
2024-12-12T23:21:20.698+0100 INFO               [http-nio-8081-exec-2]         be.pxl.services.api.controller.PostController - Received request to get posts that need changing by redactor: Johny
2024-12-12T23:21:20.698+0100 INFO               [http-nio-8081-exec-2]         be.pxl.services.services.PostService - Getting posts that need changing by redactor: Johny
2024-12-12T23:22:42.709+0100 INFO               [http-nio-8081-exec-7]         be.pxl.services.api.controller.NotificationController - Received request to get notifications of redactor: Johny
2024-12-12T23:22:42.709+0100 WARN               [http-nio-8081-exec-7]         be.pxl.services.api.controller.NotificationController - Forbidden: User with role  attempted to get notifications for redactor Johny
2024-12-12T23:22:42.709+0100 INFO               [http-nio-8081-exec-8]         be.pxl.services.api.controller.PostController - Received request to get drafts by redactor: Johny
2024-12-12T23:22:42.709+0100 INFO               [http-nio-8081-exec-9]         be.pxl.services.api.controller.PostController - Received request to get posts that need changing by redactor: Johny
2024-12-12T23:22:42.709+0100 INFO               [http-nio-8081-exec-8]         be.pxl.services.services.PostService - Getting drafts by redactor: Johny
2024-12-12T23:22:42.709+0100 INFO               [http-nio-8081-exec-9]         be.pxl.services.services.PostService - Getting posts that need changing by redactor: Johny
2024-12-12T23:22:46.668+0100 INFO               [http-nio-8081-exec-10]        be.pxl.services.api.controller.NotificationController - Received request to get notifications of redactor: Johny
2024-12-12T23:22:46.668+0100 WARN               [http-nio-8081-exec-10]        be.pxl.services.api.controller.NotificationController - Forbidden: User with role  attempted to get notifications for redactor Johny
2024-12-12T23:22:46.694+0100 INFO               [http-nio-8081-exec-2]         be.pxl.services.api.controller.PostController - Received request to get drafts by redactor: Johny
2024-12-12T23:22:46.694+0100 INFO               [http-nio-8081-exec-2]         be.pxl.services.services.PostService - Getting drafts by redactor: Johny
2024-12-12T23:22:46.695+0100 INFO               [http-nio-8081-exec-1]         be.pxl.services.api.controller.PostController - Received request to get posts that need changing by redactor: Johny
2024-12-12T23:22:46.695+0100 INFO               [http-nio-8081-exec-1]         be.pxl.services.services.PostService - Getting posts that need changing by redactor: Johny
2024-12-12T23:22:49.514+0100 INFO               [http-nio-8081-exec-4]         be.pxl.services.api.controller.NotificationController - Received request to get notifications of redactor: Johny
2024-12-12T23:22:49.514+0100 WARN               [http-nio-8081-exec-4]         be.pxl.services.api.controller.NotificationController - Forbidden: User with role  attempted to get notifications for redactor Johny
2024-12-12T23:22:49.523+0100 INFO               [http-nio-8081-exec-3]         be.pxl.services.api.controller.PostController - Received request to get drafts by redactor: Johny
2024-12-12T23:22:49.523+0100 INFO               [http-nio-8081-exec-6]         be.pxl.services.api.controller.PostController - Received request to get posts that need changing by redactor: Johny
2024-12-12T23:22:49.523+0100 INFO               [http-nio-8081-exec-3]         be.pxl.services.services.PostService - Getting drafts by redactor: Johny
2024-12-12T23:22:49.524+0100 INFO               [http-nio-8081-exec-6]         be.pxl.services.services.PostService - Getting posts that need changing by redactor: Johny
2024-12-12T23:22:53.622+0100 INFO               [http-nio-8081-exec-5]         be.pxl.services.api.controller.NotificationController - Received request to get notifications of redactor: Johny
2024-12-12T23:22:53.623+0100 WARN               [http-nio-8081-exec-5]         be.pxl.services.api.controller.NotificationController - Forbidden: User with role  attempted to get notifications for redactor Johny
2024-12-12T23:22:53.635+0100 INFO               [http-nio-8081-exec-8]         be.pxl.services.api.controller.PostController - Received request to get drafts by redactor: Johny
2024-12-12T23:22:53.635+0100 INFO               [http-nio-8081-exec-7]         be.pxl.services.api.controller.PostController - Received request to get posts that need changing by redactor: Johny
2024-12-12T23:22:53.635+0100 INFO               [http-nio-8081-exec-8]         be.pxl.services.services.PostService - Getting drafts by redactor: Johny
2024-12-12T23:22:53.635+0100 INFO               [http-nio-8081-exec-7]         be.pxl.services.services.PostService - Getting posts that need changing by redactor: Johny
2024-12-12T23:23:33.719+0100 INFO               [http-nio-8081-exec-9]         be.pxl.services.api.controller.NotificationController - Received request to get notifications of redactor: Johny
2024-12-12T23:23:33.719+0100 INFO               [http-nio-8081-exec-9]         be.pxl.services.services.NotificationService - getting notifications by redactor in the service class
2024-12-12T23:24:41.870+0100 INFO               [http-nio-8081-exec-4]         be.pxl.services.api.controller.NotificationController - Received request to get notifications of redactor: Johny
2024-12-12T23:24:41.870+0100 WARN               [http-nio-8081-exec-4]         be.pxl.services.api.controller.NotificationController - Forbidden: User with role  attempted to get notifications for redactor Johny
2024-12-12T23:24:41.877+0100 INFO               [http-nio-8081-exec-6]         be.pxl.services.api.controller.PostController - Received request to get drafts by redactor: Johny
2024-12-12T23:24:41.877+0100 INFO               [http-nio-8081-exec-6]         be.pxl.services.services.PostService - Getting drafts by redactor: Johny
2024-12-12T23:24:41.879+0100 INFO               [http-nio-8081-exec-3]         be.pxl.services.api.controller.PostController - Received request to get posts that need changing by redactor: Johny
2024-12-12T23:24:41.879+0100 INFO               [http-nio-8081-exec-3]         be.pxl.services.services.PostService - Getting posts that need changing by redactor: Johny
2024-12-12T23:25:33.708+0100 INFO               [http-nio-8081-exec-5]         be.pxl.services.api.controller.NotificationController - Received request to get notifications of redactor: Johny
2024-12-12T23:25:33.708+0100 WARN               [http-nio-8081-exec-5]         be.pxl.services.api.controller.NotificationController - Forbidden: User with role  attempted to get notifications for redactor Johny
2024-12-12T23:25:33.746+0100 INFO               [http-nio-8081-exec-8]         be.pxl.services.api.controller.PostController - Received request to get drafts by redactor: Johny
2024-12-12T23:25:33.746+0100 INFO               [http-nio-8081-exec-8]         be.pxl.services.services.PostService - Getting drafts by redactor: Johny
2024-12-12T23:25:33.746+0100 INFO               [http-nio-8081-exec-7]         be.pxl.services.api.controller.PostController - Received request to get posts that need changing by redactor: Johny
2024-12-12T23:25:33.746+0100 INFO               [http-nio-8081-exec-7]         be.pxl.services.services.PostService - Getting posts that need changing by redactor: Johny
2024-12-12T23:25:36.801+0100 INFO               [http-nio-8081-exec-2]         be.pxl.services.api.controller.NotificationController - Received request to get notifications of redactor: Johny
2024-12-12T23:25:36.801+0100 INFO               [http-nio-8081-exec-9]         be.pxl.services.api.controller.PostController - Received request to get drafts by redactor: Johny
2024-12-12T23:25:36.802+0100 WARN               [http-nio-8081-exec-2]         be.pxl.services.api.controller.NotificationController - Forbidden: User with role  attempted to get notifications for redactor Johny
2024-12-12T23:25:36.802+0100 INFO               [http-nio-8081-exec-9]         be.pxl.services.services.PostService - Getting drafts by redactor: Johny
2024-12-12T23:25:36.803+0100 INFO               [http-nio-8081-exec-10]        be.pxl.services.api.controller.PostController - Received request to get posts that need changing by redactor: Johny
2024-12-12T23:25:36.803+0100 INFO               [http-nio-8081-exec-10]        be.pxl.services.services.PostService - Getting posts that need changing by redactor: Johny
2024-12-12T23:25:41.593+0100 INFO               [http-nio-8081-exec-1]         be.pxl.services.api.controller.NotificationController - Received request to get notifications of redactor: Johny
2024-12-12T23:25:41.594+0100 WARN               [http-nio-8081-exec-1]         be.pxl.services.api.controller.NotificationController - Forbidden: User with role  attempted to get notifications for redactor Johny
2024-12-12T23:25:41.595+0100 INFO               [http-nio-8081-exec-4]         be.pxl.services.api.controller.PostController - Received request to get drafts by redactor: Johny
2024-12-12T23:25:41.595+0100 INFO               [http-nio-8081-exec-4]         be.pxl.services.services.PostService - Getting drafts by redactor: Johny
2024-12-12T23:25:41.597+0100 INFO               [http-nio-8081-exec-3]         be.pxl.services.api.controller.PostController - Received request to get posts that need changing by redactor: Johny
2024-12-12T23:25:41.597+0100 INFO               [http-nio-8081-exec-3]         be.pxl.services.services.PostService - Getting posts that need changing by redactor: Johny
2024-12-12T23:25:57.896+0100 INFO               [http-nio-8081-exec-5]         be.pxl.services.api.controller.PostController - Received request to get drafts by redactor: Johny
2024-12-12T23:25:57.896+0100 INFO               [http-nio-8081-exec-8]         be.pxl.services.api.controller.PostController - Received request to get posts that need changing by redactor: Johny
2024-12-12T23:25:57.896+0100 INFO               [http-nio-8081-exec-6]         be.pxl.services.api.controller.NotificationController - Received request to get notifications of redactor: Johny
2024-12-12T23:25:57.896+0100 INFO               [http-nio-8081-exec-5]         be.pxl.services.services.PostService - Getting drafts by redactor: Johny
2024-12-12T23:25:57.897+0100 INFO               [http-nio-8081-exec-8]         be.pxl.services.services.PostService - Getting posts that need changing by redactor: Johny
2024-12-12T23:25:57.897+0100 WARN               [http-nio-8081-exec-6]         be.pxl.services.api.controller.NotificationController - Forbidden: User with role  attempted to get notifications for redactor Johny
2024-12-12T23:25:58.872+0100 INFO               [http-nio-8081-exec-7]         be.pxl.services.api.controller.NotificationController - Received request to get notifications of redactor: Johny
2024-12-12T23:25:58.872+0100 WARN               [http-nio-8081-exec-7]         be.pxl.services.api.controller.NotificationController - Forbidden: User with role  attempted to get notifications for redactor Johny
2024-12-12T23:25:58.877+0100 INFO               [http-nio-8081-exec-2]         be.pxl.services.api.controller.PostController - Received request to get drafts by redactor: Johny
2024-12-12T23:25:58.878+0100 INFO               [http-nio-8081-exec-2]         be.pxl.services.services.PostService - Getting drafts by redactor: Johny
2024-12-12T23:25:58.879+0100 INFO               [http-nio-8081-exec-9]         be.pxl.services.api.controller.PostController - Received request to get posts that need changing by redactor: Johny
2024-12-12T23:25:58.879+0100 INFO               [http-nio-8081-exec-9]         be.pxl.services.services.PostService - Getting posts that need changing by redactor: Johny
2024-12-12T23:26:13.482+0100 INFO               [http-nio-8081-exec-4]         be.pxl.services.api.controller.PostController - Received request to get drafts by redactor: Johny
2024-12-12T23:26:13.482+0100 INFO               [http-nio-8081-exec-1]         be.pxl.services.api.controller.NotificationController - Received request to get notifications of redactor: Johny
2024-12-12T23:26:13.482+0100 INFO               [http-nio-8081-exec-10]        be.pxl.services.api.controller.PostController - Received request to get posts that need changing by redactor: Johny
2024-12-12T23:26:13.483+0100 INFO               [http-nio-8081-exec-4]         be.pxl.services.services.PostService - Getting drafts by redactor: Johny
2024-12-12T23:26:13.483+0100 INFO               [http-nio-8081-exec-10]        be.pxl.services.services.PostService - Getting posts that need changing by redactor: Johny
2024-12-12T23:26:13.483+0100 WARN               [http-nio-8081-exec-1]         be.pxl.services.api.controller.NotificationController - Forbidden: User with role  attempted to get notifications for redactor Johny
2024-12-12T23:27:14.543+0100 INFO               [http-nio-8081-exec-5]         be.pxl.services.api.controller.NotificationController - Received request to get notifications of redactor: Johny
2024-12-12T23:27:14.543+0100 WARN               [http-nio-8081-exec-5]         be.pxl.services.api.controller.NotificationController - Forbidden: User with role  attempted to get notifications for redactor Johny
2024-12-12T23:27:14.552+0100 INFO               [http-nio-8081-exec-7]         be.pxl.services.api.controller.PostController - Received request to get posts that need changing by redactor: Johny
2024-12-12T23:27:14.552+0100 INFO               [http-nio-8081-exec-7]         be.pxl.services.services.PostService - Getting posts that need changing by redactor: Johny
2024-12-12T23:27:14.552+0100 INFO               [http-nio-8081-exec-2]         be.pxl.services.api.controller.PostController - Received request to get drafts by redactor: Johny
2024-12-12T23:27:14.552+0100 INFO               [http-nio-8081-exec-2]         be.pxl.services.services.PostService - Getting drafts by redactor: Johny
2024-12-12T23:27:24.660+0100 INFO               [http-nio-8081-exec-9]         be.pxl.services.api.controller.PostController - Received request to get all posts
2024-12-12T23:27:24.662+0100 INFO               [http-nio-8081-exec-9]         be.pxl.services.services.PostService - Getting all posts
2024-12-12T23:27:25.827+0100 INFO               [http-nio-8082-exec-1]         be.pxl.services.api.controller.CommentController - Received request to get comments of post with id 1402
2024-12-12T23:27:25.827+0100 INFO               [http-nio-8082-exec-1]         be.pxl.services.services.CommentService - Getting comments of post with id 1402
2024-12-12T23:27:32.729+0100 INFO               [http-nio-8082-exec-3]         be.pxl.services.api.controller.CommentController - Received request to add comment to post with id 1402
2024-12-12T23:27:32.729+0100 INFO               [http-nio-8082-exec-3]         be.pxl.services.services.CommentService - Adding comment to post with id 1402
2024-12-12T23:27:32.787+0100 INFO               [http-nio-8082-exec-2]         be.pxl.services.api.controller.CommentController - Received request to get comments of post with id 1402
2024-12-12T23:27:32.788+0100 INFO               [http-nio-8082-exec-2]         be.pxl.services.services.CommentService - Getting comments of post with id 1402
2024-12-12T23:27:43.555+0100 INFO               [http-nio-8081-exec-1]         be.pxl.services.api.controller.PostController - Received request to get all posts
2024-12-12T23:27:43.555+0100 INFO               [http-nio-8081-exec-1]         be.pxl.services.services.PostService - Getting all posts
2024-12-12T23:29:30.667+0100 INFO               [http-nio-8081-exec-6]         be.pxl.services.api.controller.NotificationController - Received request to get notifications of redactor: Johny
2024-12-12T23:29:30.667+0100 WARN               [http-nio-8081-exec-6]         be.pxl.services.api.controller.NotificationController - Forbidden: User with role  attempted to get notifications for redactor Johny
2024-12-12T23:29:30.689+0100 INFO               [http-nio-8081-exec-3]         be.pxl.services.api.controller.PostController - Received request to get all posts
2024-12-12T23:29:30.689+0100 INFO               [http-nio-8081-exec-3]         be.pxl.services.services.PostService - Getting all posts
2024-12-12T23:29:34.233+0100 INFO               [http-nio-8081-exec-8]         be.pxl.services.api.controller.NotificationController - Received request to get notifications of redactor: Johny
2024-12-12T23:29:34.233+0100 WARN               [http-nio-8081-exec-8]         be.pxl.services.api.controller.NotificationController - Forbidden: User with role  attempted to get notifications for redactor Johny
2024-12-12T23:29:34.236+0100 INFO               [http-nio-8081-exec-5]         be.pxl.services.api.controller.PostController - Received request to get all posts
2024-12-12T23:29:34.236+0100 INFO               [http-nio-8081-exec-5]         be.pxl.services.services.PostService - Getting all posts
2024-12-12T23:29:39.411+0100 INFO               [http-nio-8081-exec-7]         be.pxl.services.api.controller.NotificationController - Received request to get notifications of redactor: Johny
2024-12-12T23:29:39.411+0100 WARN               [http-nio-8081-exec-7]         be.pxl.services.api.controller.NotificationController - Forbidden: User with role  attempted to get notifications for redactor Johny
2024-12-12T23:29:39.412+0100 INFO               [http-nio-8081-exec-2]         be.pxl.services.api.controller.PostController - Received request to get all posts
2024-12-12T23:29:39.412+0100 INFO               [http-nio-8081-exec-2]         be.pxl.services.services.PostService - Getting all posts
2024-12-12T23:30:37.365+0100 INFO               [http-nio-8081-exec-9]         be.pxl.services.api.controller.NotificationController - Received request to get notifications of redactor: Johny
2024-12-12T23:30:37.365+0100 INFO               [http-nio-8081-exec-9]         be.pxl.services.services.NotificationService - getting notifications by redactor in the service class
2024-12-12T23:30:38.172+0100 INFO               [http-nio-8081-exec-1]         be.pxl.services.api.controller.NotificationController - Received request to get notifications of redactor: Johny
2024-12-12T23:30:38.172+0100 INFO               [http-nio-8081-exec-1]         be.pxl.services.services.NotificationService - getting notifications by redactor in the service class
2024-12-12T23:31:11.641+0100 INFO               [http-nio-8081-exec-10]        be.pxl.services.api.controller.NotificationController - Received request to get notifications of redactor: Johny
2024-12-12T23:31:11.641+0100 WARN               [http-nio-8081-exec-10]        be.pxl.services.api.controller.NotificationController - Forbidden: User with role  attempted to get notifications for redactor Johny
2024-12-12T23:31:11.677+0100 INFO               [http-nio-8081-exec-4]         be.pxl.services.api.controller.PostController - Received request to get all posts
2024-12-12T23:31:11.677+0100 INFO               [http-nio-8081-exec-4]         be.pxl.services.services.PostService - Getting all posts
2024-12-12T23:31:38.650+0100 INFO               [http-nio-8081-exec-6]         be.pxl.services.api.controller.NotificationController - Received request to get notifications of redactor: Johny
2024-12-12T23:31:38.650+0100 WARN               [http-nio-8081-exec-6]         be.pxl.services.api.controller.NotificationController - Forbidden: User with role  attempted to get notifications for redactor Johny
2024-12-12T23:31:38.714+0100 INFO               [http-nio-8081-exec-3]         be.pxl.services.api.controller.PostController - Received request to get all posts
2024-12-12T23:31:38.714+0100 INFO               [http-nio-8081-exec-3]         be.pxl.services.services.PostService - Getting all posts
2024-12-12T23:31:40.157+0100 INFO               [http-nio-8081-exec-8]         be.pxl.services.api.controller.NotificationController - Received request to get notifications of redactor: Johny
2024-12-12T23:31:40.157+0100 WARN               [http-nio-8081-exec-8]         be.pxl.services.api.controller.NotificationController - Forbidden: User with role  attempted to get notifications for redactor Johny
2024-12-12T23:31:40.163+0100 INFO               [http-nio-8081-exec-5]         be.pxl.services.api.controller.PostController - Received request to get all posts
2024-12-12T23:31:40.163+0100 INFO               [http-nio-8081-exec-5]         be.pxl.services.services.PostService - Getting all posts
2024-12-12T23:31:50.890+0100 INFO               [http-nio-8082-exec-5]         be.pxl.services.api.controller.CommentController - Received request to get comments of post with id 1402
2024-12-12T23:31:50.890+0100 INFO               [http-nio-8082-exec-5]         be.pxl.services.services.CommentService - Getting comments of post with id 1402
2024-12-12T23:32:00.863+0100 INFO               [http-nio-8081-exec-7]         be.pxl.services.api.controller.NotificationController - Received request to get notifications of redactor: Johny
2024-12-12T23:32:00.863+0100 WARN               [http-nio-8081-exec-7]         be.pxl.services.api.controller.NotificationController - Forbidden: User with role  attempted to get notifications for redactor Johny
2024-12-12T23:32:00.864+0100 INFO               [http-nio-8082-exec-7]         be.pxl.services.api.controller.CommentController - Received request to get comments of post with id 1402
2024-12-12T23:32:00.864+0100 INFO               [http-nio-8082-exec-7]         be.pxl.services.services.CommentService - Getting comments of post with id 1402
2024-12-12T23:32:02.326+0100 INFO               [http-nio-8081-exec-2]         be.pxl.services.api.controller.NotificationController - Received request to get notifications of redactor: Johny
2024-12-12T23:32:02.326+0100 WARN               [http-nio-8081-exec-2]         be.pxl.services.api.controller.NotificationController - Forbidden: User with role  attempted to get notifications for redactor Johny
2024-12-12T23:32:02.330+0100 INFO               [http-nio-8082-exec-9]         be.pxl.services.api.controller.CommentController - Received request to get comments of post with id 1402
2024-12-12T23:32:02.330+0100 INFO               [http-nio-8082-exec-9]         be.pxl.services.services.CommentService - Getting comments of post with id 1402
2024-12-12T23:32:04.000+0100 INFO               [http-nio-8081-exec-9]         be.pxl.services.api.controller.NotificationController - Received request to get notifications of redactor: Johny
2024-12-12T23:32:04.000+0100 WARN               [http-nio-8081-exec-9]         be.pxl.services.api.controller.NotificationController - Forbidden: User with role  attempted to get notifications for redactor Johny
2024-12-12T23:32:04.005+0100 INFO               [http-nio-8082-exec-8]         be.pxl.services.api.controller.CommentController - Received request to get comments of post with id 1402
2024-12-12T23:32:04.005+0100 INFO               [http-nio-8082-exec-8]         be.pxl.services.services.CommentService - Getting comments of post with id 1402
2024-12-12T23:32:06.213+0100 INFO               [http-nio-8081-exec-1]         be.pxl.services.api.controller.NotificationController - Received request to get notifications of redactor: Johny
2024-12-12T23:32:06.213+0100 WARN               [http-nio-8081-exec-1]         be.pxl.services.api.controller.NotificationController - Forbidden: User with role  attempted to get notifications for redactor Johny
2024-12-12T23:32:06.213+0100 INFO               [http-nio-8082-exec-6]         be.pxl.services.api.controller.CommentController - Received request to get comments of post with id 1402
2024-12-12T23:32:06.214+0100 INFO               [http-nio-8082-exec-6]         be.pxl.services.services.CommentService - Getting comments of post with id 1402
2024-12-12T23:32:12.804+0100 INFO               [http-nio-8081-exec-10]        be.pxl.services.api.controller.NotificationController - Received request to get notifications of redactor: Johny
2024-12-12T23:32:12.804+0100 WARN               [http-nio-8081-exec-10]        be.pxl.services.api.controller.NotificationController - Forbidden: User with role  attempted to get notifications for redactor Johny
2024-12-12T23:32:12.805+0100 INFO               [http-nio-8082-exec-10]        be.pxl.services.api.controller.CommentController - Received request to get comments of post with id 1402
2024-12-12T23:32:12.805+0100 INFO               [http-nio-8082-exec-10]        be.pxl.services.services.CommentService - Getting comments of post with id 1402
2024-12-12T23:34:48.598+0100 INFO               [http-nio-8081-exec-3]         be.pxl.services.api.controller.NotificationController - Received request to get notifications of redactor: Johny
2024-12-12T23:34:48.598+0100 WARN               [http-nio-8081-exec-3]         be.pxl.services.api.controller.NotificationController - Forbidden: User with role  attempted to get notifications for redactor Johny
2024-12-12T23:34:48.598+0100 INFO               [http-nio-8082-exec-3]         be.pxl.services.api.controller.CommentController - Received request to get comments of post with id 1402
2024-12-12T23:34:48.599+0100 INFO               [http-nio-8082-exec-3]         be.pxl.services.services.CommentService - Getting comments of post with id 1402
2024-12-12T23:35:29.810+0100 INFO               [http-nio-8081-exec-8]         be.pxl.services.api.controller.NotificationController - Received request to get notifications of redactor: Johny
2024-12-12T23:35:29.810+0100 WARN               [http-nio-8081-exec-8]         be.pxl.services.api.controller.NotificationController - Forbidden: User with role  attempted to get notifications for redactor Johny
2024-12-12T23:35:29.852+0100 INFO               [http-nio-8082-exec-2]         be.pxl.services.api.controller.CommentController - Received request to get comments of post with id 1402
2024-12-12T23:35:29.852+0100 INFO               [http-nio-8082-exec-2]         be.pxl.services.services.CommentService - Getting comments of post with id 1402
2024-12-12T23:35:34.274+0100 INFO               [http-nio-8081-exec-5]         be.pxl.services.api.controller.NotificationController - Received request to get notifications of redactor: Johny
2024-12-12T23:35:34.275+0100 WARN               [http-nio-8081-exec-5]         be.pxl.services.api.controller.NotificationController - Forbidden: User with role  attempted to get notifications for redactor Johny
2024-12-12T23:35:34.293+0100 INFO               [http-nio-8082-exec-4]         be.pxl.services.api.controller.CommentController - Received request to get comments of post with id 1402
2024-12-12T23:35:34.294+0100 INFO               [http-nio-8082-exec-4]         be.pxl.services.services.CommentService - Getting comments of post with id 1402
2024-12-12T23:35:36.013+0100 INFO               [http-nio-8081-exec-7]         be.pxl.services.api.controller.PostController - Received request to get all posts
2024-12-12T23:35:36.014+0100 INFO               [http-nio-8081-exec-7]         be.pxl.services.services.PostService - Getting all posts
2024-12-12T23:35:37.170+0100 INFO               [http-nio-8082-exec-5]         be.pxl.services.api.controller.CommentController - Received request to get comments of post with id 1402
2024-12-12T23:35:37.172+0100 INFO               [http-nio-8082-exec-5]         be.pxl.services.services.CommentService - Getting comments of post with id 1402
2024-12-12T23:35:39.424+0100 INFO               [http-nio-8081-exec-2]         be.pxl.services.api.controller.PostController - Received request to get all posts
2024-12-12T23:35:39.424+0100 INFO               [http-nio-8081-exec-2]         be.pxl.services.services.PostService - Getting all posts
2024-12-12T23:37:01.323+0100 INFO               [http-nio-8081-exec-10]        be.pxl.services.api.controller.PostController - Received request to get all posts
2024-12-12T23:37:01.323+0100 INFO               [http-nio-8081-exec-10]        be.pxl.services.services.PostService - Getting all posts
2024-12-12T23:37:29.135+0100 INFO               [http-nio-8081-exec-6]         be.pxl.services.api.controller.PostController - Received request to get all posts
2024-12-12T23:37:29.135+0100 INFO               [http-nio-8081-exec-6]         be.pxl.services.services.PostService - Getting all posts
2024-12-12T23:37:29.932+0100 INFO               [http-nio-8081-exec-3]         be.pxl.services.api.controller.PostController - Received request to get all posts
2024-12-12T23:37:29.933+0100 INFO               [http-nio-8081-exec-3]         be.pxl.services.services.PostService - Getting all posts
2024-12-12T23:37:32.195+0100 INFO               [http-nio-8081-exec-5]         be.pxl.services.api.controller.PostController - Received request to get all posts
2024-12-12T23:37:32.196+0100 INFO               [http-nio-8081-exec-5]         be.pxl.services.services.PostService - Getting all posts
2024-12-12T23:37:34.125+0100 INFO               [http-nio-8081-exec-2]         be.pxl.services.api.controller.PostController - Received request to get all posts
2024-12-12T23:37:34.125+0100 INFO               [http-nio-8081-exec-2]         be.pxl.services.services.PostService - Getting all posts
2024-12-12T23:37:34.135+0100 INFO               [http-nio-8081-exec-9]         be.pxl.services.api.controller.NotificationController - Received request to get notifications of redactor: 
2024-12-12T23:37:34.135+0100 WARN               [http-nio-8081-exec-9]         be.pxl.services.api.controller.NotificationController - Forbidden: User with role  attempted to get notifications for redactor 
2024-12-12T23:37:35.568+0100 INFO               [http-nio-8081-exec-10]        be.pxl.services.api.controller.PostController - Received request to get all posts
2024-12-12T23:37:35.568+0100 INFO               [http-nio-8081-exec-1]         be.pxl.services.api.controller.NotificationController - Received request to get notifications of redactor: 
2024-12-12T23:37:35.568+0100 INFO               [http-nio-8081-exec-10]        be.pxl.services.services.PostService - Getting all posts
2024-12-12T23:37:35.568+0100 WARN               [http-nio-8081-exec-1]         be.pxl.services.api.controller.NotificationController - Forbidden: User with role  attempted to get notifications for redactor 
2024-12-12T23:37:37.057+0100 INFO               [http-nio-8081-exec-4]         be.pxl.services.api.controller.PostController - Received request to get all posts
2024-12-12T23:37:37.057+0100 INFO               [http-nio-8081-exec-4]         be.pxl.services.services.PostService - Getting all posts
2024-12-12T23:37:38.282+0100 INFO               [http-nio-8081-exec-6]         be.pxl.services.api.controller.PostController - Received request to get all posts
2024-12-12T23:37:38.282+0100 INFO               [http-nio-8081-exec-6]         be.pxl.services.services.PostService - Getting all posts
2024-12-12T23:37:39.332+0100 INFO               [http-nio-8081-exec-3]         be.pxl.services.api.controller.PostController - Received request to get all posts
2024-12-12T23:37:39.332+0100 INFO               [http-nio-8081-exec-3]         be.pxl.services.services.PostService - Getting all posts
2024-12-12T23:37:41.955+0100 INFO               [http-nio-8081-exec-8]         be.pxl.services.api.controller.PostController - Received request to get all posts
2024-12-12T23:37:41.955+0100 INFO               [http-nio-8081-exec-8]         be.pxl.services.services.PostService - Getting all posts
2024-12-12T23:37:45.327+0100 INFO               [http-nio-8081-exec-5]         be.pxl.services.api.controller.PostController - Received request to get all posts
2024-12-12T23:37:45.327+0100 INFO               [http-nio-8081-exec-5]         be.pxl.services.services.PostService - Getting all posts
2024-12-12T23:37:45.337+0100 INFO               [http-nio-8081-exec-7]         be.pxl.services.api.controller.NotificationController - Received request to get notifications of redactor: Johny
2024-12-12T23:37:45.337+0100 WARN               [http-nio-8081-exec-7]         be.pxl.services.api.controller.NotificationController - Forbidden: User with role  attempted to get notifications for redactor Johny
2024-12-12T23:37:50.950+0100 INFO               [http-nio-8081-exec-2]         be.pxl.services.api.controller.NotificationController - Received request to get notifications of redactor: Johny
2024-12-12T23:37:50.950+0100 WARN               [http-nio-8081-exec-2]         be.pxl.services.api.controller.NotificationController - Forbidden: User with role  attempted to get notifications for redactor Johny
2024-12-12T23:37:50.950+0100 INFO               [http-nio-8081-exec-9]         be.pxl.services.api.controller.PostController - Received request to get all posts
2024-12-12T23:37:50.950+0100 INFO               [http-nio-8081-exec-9]         be.pxl.services.services.PostService - Getting all posts
2024-12-12T23:38:07.755+0100 INFO               [http-nio-8081-exec-10]        be.pxl.services.api.controller.PostController - Received request to get all posts
2024-12-12T23:38:07.755+0100 INFO               [http-nio-8081-exec-10]        be.pxl.services.services.PostService - Getting all posts
2024-12-12T23:38:07.755+0100 INFO               [http-nio-8081-exec-1]         be.pxl.services.api.controller.NotificationController - Received request to get notifications of redactor: Johny
2024-12-12T23:38:07.755+0100 WARN               [http-nio-8081-exec-1]         be.pxl.services.api.controller.NotificationController - Forbidden: User with role  attempted to get notifications for redactor Johny
2024-12-12T23:38:24.655+0100 INFO               [http-nio-8081-exec-6]         be.pxl.services.api.controller.PostController - Received request to get all posts
2024-12-12T23:38:24.655+0100 INFO               [http-nio-8081-exec-6]         be.pxl.services.services.PostService - Getting all posts
2024-12-12T23:38:24.655+0100 INFO               [http-nio-8081-exec-4]         be.pxl.services.api.controller.NotificationController - Received request to get notifications of redactor: Johny
2024-12-12T23:38:24.655+0100 WARN               [http-nio-8081-exec-4]         be.pxl.services.api.controller.NotificationController - Forbidden: User with role  attempted to get notifications for redactor Johny
2024-12-12T23:38:26.982+0100 INFO               [http-nio-8081-exec-3]         be.pxl.services.api.controller.NotificationController - Received request to get notifications of redactor: Johny
2024-12-12T23:38:26.982+0100 WARN               [http-nio-8081-exec-3]         be.pxl.services.api.controller.NotificationController - Forbidden: User with role  attempted to get notifications for redactor Johny
2024-12-12T23:38:26.986+0100 INFO               [http-nio-8081-exec-8]         be.pxl.services.api.controller.PostController - Received request to get all posts
2024-12-12T23:38:26.986+0100 INFO               [http-nio-8081-exec-8]         be.pxl.services.services.PostService - Getting all posts
2024-12-12T23:40:39.715+0100 INFO               [http-nio-8081-exec-2]         be.pxl.services.api.controller.NotificationController - Received request to get notifications of redactor: Johny
2024-12-12T23:40:39.715+0100 INFO               [http-nio-8081-exec-2]         be.pxl.services.services.NotificationService - getting notifications by redactor in the service class
2024-12-12T23:40:39.744+0100 INFO               [http-nio-8081-exec-9]         be.pxl.services.api.controller.PostController - Received request to get all posts
2024-12-12T23:40:39.744+0100 INFO               [http-nio-8081-exec-9]         be.pxl.services.services.PostService - Getting all posts
2024-12-12T23:40:51.648+0100 INFO               [http-nio-8081-exec-1]         be.pxl.services.api.controller.NotificationController - Received request to get notifications of redactor: Johny
2024-12-12T23:40:51.648+0100 INFO               [http-nio-8081-exec-1]         be.pxl.services.services.NotificationService - getting notifications by redactor in the service class
2024-12-12T23:40:51.682+0100 INFO               [http-nio-8081-exec-10]        be.pxl.services.api.controller.PostController - Received request to get all posts
2024-12-12T23:40:51.682+0100 INFO               [http-nio-8081-exec-10]        be.pxl.services.services.PostService - Getting all posts
2024-12-12T23:40:52.655+0100 INFO               [http-nio-8081-exec-4]         be.pxl.services.api.controller.NotificationController - Received request to get notifications of redactor: Johny
2024-12-12T23:40:52.655+0100 INFO               [http-nio-8081-exec-4]         be.pxl.services.services.NotificationService - getting notifications by redactor in the service class
2024-12-12T23:40:52.663+0100 INFO               [http-nio-8081-exec-6]         be.pxl.services.api.controller.PostController - Received request to get all posts
2024-12-12T23:40:52.663+0100 INFO               [http-nio-8081-exec-6]         be.pxl.services.services.PostService - Getting all posts
2024-12-12T23:40:54.504+0100 INFO               [http-nio-8081-exec-3]         be.pxl.services.api.controller.NotificationController - Received request to get notifications of redactor: Johny
2024-12-12T23:40:54.504+0100 INFO               [http-nio-8081-exec-3]         be.pxl.services.services.NotificationService - getting notifications by redactor in the service class
2024-12-12T23:40:54.507+0100 INFO               [http-nio-8081-exec-8]         be.pxl.services.api.controller.PostController - Received request to get all posts
2024-12-12T23:40:54.507+0100 INFO               [http-nio-8081-exec-8]         be.pxl.services.services.PostService - Getting all posts
2024-12-12T23:41:07.854+0100 INFO               [http-nio-8081-exec-5]         be.pxl.services.api.controller.PostController - Received request to get all posts
2024-12-12T23:41:07.854+0100 INFO               [http-nio-8081-exec-5]         be.pxl.services.services.PostService - Getting all posts
2024-12-12T23:41:07.854+0100 INFO               [http-nio-8081-exec-7]         be.pxl.services.api.controller.NotificationController - Received request to get notifications of redactor: Johny
2024-12-12T23:41:07.854+0100 INFO               [http-nio-8081-exec-7]         be.pxl.services.services.NotificationService - getting notifications by redactor in the service class
2024-12-12T23:41:13.126+0100 INFO               [http-nio-8081-exec-2]         be.pxl.services.api.controller.NotificationController - Received request to get notifications of redactor: Johny
2024-12-12T23:41:13.127+0100 INFO               [http-nio-8081-exec-2]         be.pxl.services.services.NotificationService - getting notifications by redactor in the service class
2024-12-12T23:41:13.130+0100 INFO               [http-nio-8081-exec-9]         be.pxl.services.api.controller.PostController - Received request to get all posts
2024-12-12T23:41:13.131+0100 INFO               [http-nio-8081-exec-9]         be.pxl.services.services.PostService - Getting all posts
2024-12-12T23:41:13.887+0100 INFO               [http-nio-8081-exec-1]         be.pxl.services.api.controller.NotificationController - Received request to get notifications of redactor: Johny
2024-12-12T23:41:13.887+0100 INFO               [http-nio-8081-exec-1]         be.pxl.services.services.NotificationService - getting notifications by redactor in the service class
2024-12-12T23:41:13.900+0100 INFO               [http-nio-8081-exec-10]        be.pxl.services.api.controller.PostController - Received request to get all posts
2024-12-12T23:41:13.900+0100 INFO               [http-nio-8081-exec-10]        be.pxl.services.services.PostService - Getting all posts
2024-12-12T23:41:31.677+0100 INFO               [http-nio-8081-exec-4]         be.pxl.services.api.controller.NotificationController - Received request to delete notification with id: 152
2024-12-12T23:41:31.677+0100 INFO               [http-nio-8081-exec-4]         be.pxl.services.services.NotificationService - deleting notification in the service class
2024-12-12T23:41:43.995+0100 INFO               [http-nio-8081-exec-6]         be.pxl.services.api.controller.NotificationController - Received request to get notifications of redactor: Johny
2024-12-12T23:41:43.995+0100 INFO               [http-nio-8081-exec-6]         be.pxl.services.services.NotificationService - getting notifications by redactor in the service class
2024-12-12T23:41:43.997+0100 INFO               [http-nio-8081-exec-3]         be.pxl.services.api.controller.PostController - Received request to get all posts
2024-12-12T23:41:43.997+0100 INFO               [http-nio-8081-exec-3]         be.pxl.services.services.PostService - Getting all posts
2024-12-12T23:41:53.336+0100 INFO               [http-nio-8082-exec-9]         be.pxl.services.api.controller.CommentController - Received request to get comments of post with id 1402
2024-12-12T23:41:53.336+0100 INFO               [http-nio-8082-exec-9]         be.pxl.services.services.CommentService - Getting comments of post with id 1402
2024-12-12T23:42:02.440+0100 INFO               [http-nio-8081-exec-8]         be.pxl.services.api.controller.PostController - Received request to add post
2024-12-12T23:42:02.440+0100 WARN               [http-nio-8081-exec-8]         be.pxl.services.api.controller.PostController - Forbidden: User with role user attempted to add a post
2024-12-12T23:42:18.650+0100 INFO               [http-nio-8082-exec-8]         be.pxl.services.api.controller.CommentController - Received request to add comment to post with id 1402
2024-12-12T23:42:18.650+0100 INFO               [http-nio-8082-exec-8]         be.pxl.services.services.CommentService - Adding comment to post with id 1402
2024-12-12T23:43:25.936+0100 INFO               [main]                         be.pxl.services.CommentServiceApplication - Starting CommentServiceApplication using Java 17.0.11 with PID 5864 (C:\Users\kumbr\Documents\3TIN\Fullstack Java\Project\project-LeviKumbruckPXL\backend-java\NewsBlog\comment-service\target\classes started by kumbr in C:\Users\kumbr\Documents\3TIN\Fullstack Java\Project\project-LeviKumbruckPXL\backend-java\NewsBlog)
2024-12-12T23:43:25.937+0100 DEBUG              [main]                         be.pxl.services.CommentServiceApplication - Running with Spring Boot v3.3.5, Spring v6.1.14
2024-12-12T23:43:25.937+0100 INFO               [main]                         be.pxl.services.CommentServiceApplication - No active profile set, falling back to 1 default profile: "default"
2024-12-12T23:43:28.162+0100 INFO               [main]                         be.pxl.services.CommentServiceApplication - Started CommentServiceApplication in 2.769 seconds (process running for 3.102)
2024-12-12T23:43:38.900+0100 INFO               [http-nio-8082-exec-2]         be.pxl.services.api.controller.CommentController - Received request to add comment to post with id 1402
2024-12-12T23:43:38.900+0100 WARN               [http-nio-8082-exec-2]         be.pxl.services.api.controller.CommentController - Forbidden: User with role pony attempted to add a comment
2024-12-12T23:44:47.072+0100 INFO               [http-nio-8082-exec-4]         be.pxl.services.api.controller.CommentController - Received request to edit comment with id 1
2024-12-12T23:44:47.072+0100 WARN               [http-nio-8082-exec-4]         be.pxl.services.api.controller.CommentController - Forbidden: User with role guest attempted to edit comment with id 1
2024-12-12T23:44:56.310+0100 INFO               [http-nio-8082-exec-5]         be.pxl.services.api.controller.CommentController - Received request to edit comment with id 1
2024-12-12T23:44:56.310+0100 INFO               [http-nio-8082-exec-5]         be.pxl.services.services.CommentService - Editing comment with id 1
2024-12-12T23:47:17.430+0100 INFO               [http-nio-8084-exec-9]         be.pxl.services.api.controller.ReviewController - Received request to view submitted posts
2024-12-12T23:47:17.430+0100 WARN               [http-nio-8084-exec-9]         be.pxl.services.api.controller.ReviewController - Forbidden: User with role user attempted to view submitted posts
2024-12-12T23:47:50.028+0100 INFO               [http-nio-8084-exec-10]        be.pxl.services.api.controller.ReviewController - Received request to view submitted posts
2024-12-12T23:47:50.028+0100 WARN               [http-nio-8084-exec-10]        be.pxl.services.api.controller.ReviewController - Forbidden: User with role user attempted to view submitted posts
